canu/2.2 has the useGrid option default set to useGrid=false. This can be overriden by another configuration file or a command-line option.
-- canu snapshot v2.2 +0 changes (r10279 af9c6e709ff2d6473cf966702c420b9eb42d9078)
--
-- CITATIONS
--
-- For 'standard' assemblies of PacBio or Nanopore reads:
--   Koren S, Walenz BP, Berlin K, Miller JR, Phillippy AM.
--   Canu: scalable and accurate long-read assembly via adaptive k-mer weighting and repeat separation.
--   Genome Res. 2017 May;27(5):722-736.
--   http://doi.org/10.1101/gr.215087.116
-- 
-- Read and contig alignments during correction and consensus use:
--   Šošic M, Šikic M.
--   Edlib: a C/C ++ library for fast, exact sequence alignment using edit distance.
--   Bioinformatics. 2017 May 1;33(9):1394-1395.
--   http://doi.org/10.1093/bioinformatics/btw753
-- 
-- Overlaps are generated using:
--   Berlin K, et al.
--   Assembling large genomes with single-molecule sequencing and locality-sensitive hashing.
--   Nat Biotechnol. 2015 Jun;33(6):623-30.
--   http://doi.org/10.1038/nbt.3238
-- 
--   Myers EW, et al.
--   A Whole-Genome Assembly of Drosophila.
--   Science. 2000 Mar 24;287(5461):2196-204.
--   http://doi.org/10.1126/science.287.5461.2196
-- 
-- Corrected read consensus sequences are generated using an algorithm derived from FALCON-sense:
--   Chin CS, et al.
--   Phased diploid genome assembly with single-molecule real-time sequencing.
--   Nat Methods. 2016 Dec;13(12):1050-1054.
--   http://doi.org/10.1038/nmeth.4035
-- 
-- Contig consensus sequences are generated using an algorithm derived from pbdagcon:
--   Chin CS, et al.
--   Nonhybrid, finished microbial genome assemblies from long-read SMRT sequencing data.
--   Nat Methods. 2013 Jun;10(6):563-9
--   http://doi.org/10.1038/nmeth.2474
-- 
-- CONFIGURE CANU
--
-- Detected Java(TM) Runtime Environment '1.8.0_151' (from '/sw/comp/java/x86_64/sun_jdk1.8.0_151/bin/java') with -d64 support.
-- Detected gnuplot version '4.6 patchlevel 2   ' (from 'gnuplot') and image format 'png'.
--
-- Detected 4 CPUs and 32000 gigabytes of memory on the local machine.
--
-- Detected Slurm with 'sinfo' binary in /usr/bin/sinfo.
-- Detected Slurm with task IDs up to 1000 allowed.
-- 
-- Slurm support detected.  Resources available:
--    174 hosts with  16 cores and  124 GB memory.
--      1 host  with  80 cores and 3997 GB memory.
--     13 hosts with  16 cores and  249 GB memory.
--     17 hosts with  16 cores and  499 GB memory.
--
--                         (tag)Threads
--                (tag)Memory         |
--        (tag)             |         |  algorithm
--        -------  ----------  --------  -----------------------------
-- Grid:  meryl     62.000 GB    8 CPUs  (k-mer counting)
-- Grid:  hap       16.000 GB   16 CPUs  (read-to-haplotype assignment)
-- Grid:  cormhap   64.000 GB   16 CPUs  (overlap detection with mhap)
-- Grid:  obtovl    24.000 GB   16 CPUs  (overlap detection)
-- Grid:  utgovl    24.000 GB   16 CPUs  (overlap detection)
-- Grid:  cor        -.--- GB    4 CPUs  (read correction)
-- Grid:  ovb        4.000 GB    1 CPU   (overlap store bucketizer)
-- Grid:  ovs       32.000 GB    1 CPU   (overlap store sorting)
-- Grid:  red       62.000 GB    8 CPUs  (read error detection)
-- Grid:  oea        8.000 GB    1 CPU   (overlap error adjustment)
-- Grid:  bat      1024.000 GB   64 CPUs  (contig construction with bogart)
-- Grid:  cns        -.--- GB    8 CPUs  (consensus)
--
-- Found untrimmed raw PacBio CLR reads in the input files.
--
-- Generating assembly 'pacbioassembly' in '/domus/h1/juliasul/GenomeAnalysis/DNA_prep_assembly_pacbio':
--   genomeSize:
--     42100000000
--
--   Overlap Generation Limits:
--     corOvlErrorRate 0.2400 ( 24.00%)
--     obtOvlErrorRate 0.0450 (  4.50%)
--     utgOvlErrorRate 0.0450 (  4.50%)
--
--   Overlap Processing Limits:
--     corErrorRate    0.2500 ( 25.00%)
--     obtErrorRate    0.0450 (  4.50%)
--     utgErrorRate    0.0450 (  4.50%)
--     cnsErrorRate    0.0750 (  7.50%)
--
--   Stages to run:
--     correct raw reads.
--     trim corrected reads.
--     assemble corrected and trimmed reads.
--
--
-- BEGIN CORRECTION
----------------------------------------
-- Starting command on Sun Apr  9 17:26:21 2023 with 11111.427 GB free disk space

    cd .
    ./pacbioassembly.seqStore.sh \
    > ./pacbioassembly.seqStore.err 2>&1

-- Finished on Sun Apr  9 17:28:13 2023 (112 seconds) with 11109.939 GB free disk space
----------------------------------------
--
-- In sequence store './pacbioassembly.seqStore':
--   Found 746200 reads.
--   Found 5683556685 bases (0.13 times coverage).
--    Histogram of raw reads:
--    
--    G=5683556685                       sum of  ||               length     num
--    NG         length     index       lengths  ||                range    seqs
--    ----- ------------ --------- ------------  ||  ------------------- -------
--    00010        17152     27742    568358103  ||       1000-1936        55739|----------------------------------------------------------
--    00020        14142     64519   1136719815  ||       1937-2873        57786|------------------------------------------------------------
--    00030        12272    107808   1705070860  ||       2874-3810        60705|---------------------------------------------------------------
--    00040        10896    157053   2273428517  ||       3811-4747        60637|---------------------------------------------------------------
--    00050         9762    212207   2841783295  ||       4748-5684        58306|-------------------------------------------------------------
--    00060         8674    273924   3410135129  ||       5685-6621        56309|-----------------------------------------------------------
--    00070         7503    344211   3978495151  ||       6622-7558        55914|-----------------------------------------------------------
--    00080         6103    427761   4546848247  ||       7559-8495        56355|-----------------------------------------------------------
--    00090         4350    536729   5115204104  ||       8496-9432        54213|---------------------------------------------------------
--    00100         1000    746199   5683556685  ||       9433-10369       49301|----------------------------------------------------
--    001.000x              746200   5683556685  ||      10370-11306       40641|-------------------------------------------
--                                               ||      11307-12243       31618|---------------------------------
--                                               ||      12244-13180       24594|--------------------------
--                                               ||      13181-14117       19121|--------------------
--                                               ||      14118-15054       14768|----------------
--                                               ||      15055-15991       11535|------------
--                                               ||      15992-16928        9086|----------
--                                               ||      16929-17865        7147|--------
--                                               ||      17866-18802        5519|------
--                                               ||      18803-19739        4144|-----
--                                               ||      19740-20676        3196|----
--                                               ||      20677-21613        2326|---
--                                               ||      21614-22550        1768|--
--                                               ||      22551-23487        1326|--
--                                               ||      23488-24424         995|--
--                                               ||      24425-25361         748|-
--                                               ||      25362-26298         569|-
--                                               ||      26299-27235         457|-
--                                               ||      27236-28172         326|-
--                                               ||      28173-29109         264|-
--                                               ||      29110-30046         198|-
--                                               ||      30047-30983         134|-
--                                               ||      30984-31920         121|-
--                                               ||      31921-32857          90|-
--                                               ||      32858-33794          59|-
--                                               ||      33795-34731          48|-
--                                               ||      34732-35668          45|-
--                                               ||      35669-36605          19|-
--                                               ||      36606-37542          15|-
--                                               ||      37543-38479          16|-
--                                               ||      38480-39416          17|-
--                                               ||      39417-40353           8|-
--                                               ||      40354-41290           3|-
--                                               ||      41291-42227           2|-
--                                               ||      42228-43164           6|-
--                                               ||      43165-44101           2|-
--                                               ||      44102-45038           1|-
--                                               ||      45039-45975           1|-
--                                               ||      45976-46912           1|-
--                                               ||      46913-47849           1|-
--    
--
-- ERROR:  Read coverage (0.13) lower than allowed.
-- ERROR:    minInputCoverage  = 10
-- ERROR:
-- ERROR:  This could be caused by an incorrect genomeSize.
-- ERROR:
-- ERROR:  You can force Canu to continue by decreasing parameter
-- ERROR:  minInputCoverage.  Be warned that the quality of corrected
-- ERROR:  reads and/or contiguity of contigs will be poor.
--

ABORT:
ABORT: canu snapshot v2.2 +0 changes (r10279 af9c6e709ff2d6473cf966702c420b9eb42d9078)
ABORT: Don't panic, but a mostly harmless error occurred and Canu stopped.
ABORT: Try restarting.  If that doesn't work, ask for help.
ABORT:
