canu/2.2 has the useGrid option default set to useGrid=false. This can be overriden by another configuration file or a command-line option.
-- canu snapshot v2.2 +0 changes (r10279 af9c6e709ff2d6473cf966702c420b9eb42d9078)
--
-- CITATIONS
--
-- For 'standard' assemblies of PacBio or Nanopore reads:
--   Koren S, Walenz BP, Berlin K, Miller JR, Phillippy AM.
--   Canu: scalable and accurate long-read assembly via adaptive k-mer weighting and repeat separation.
--   Genome Res. 2017 May;27(5):722-736.
--   http://doi.org/10.1101/gr.215087.116
-- 
-- Read and contig alignments during correction and consensus use:
--   Šošic M, Šikic M.
--   Edlib: a C/C ++ library for fast, exact sequence alignment using edit distance.
--   Bioinformatics. 2017 May 1;33(9):1394-1395.
--   http://doi.org/10.1093/bioinformatics/btw753
-- 
-- Overlaps are generated using:
--   Berlin K, et al.
--   Assembling large genomes with single-molecule sequencing and locality-sensitive hashing.
--   Nat Biotechnol. 2015 Jun;33(6):623-30.
--   http://doi.org/10.1038/nbt.3238
-- 
--   Myers EW, et al.
--   A Whole-Genome Assembly of Drosophila.
--   Science. 2000 Mar 24;287(5461):2196-204.
--   http://doi.org/10.1126/science.287.5461.2196
-- 
-- Corrected read consensus sequences are generated using an algorithm derived from FALCON-sense:
--   Chin CS, et al.
--   Phased diploid genome assembly with single-molecule real-time sequencing.
--   Nat Methods. 2016 Dec;13(12):1050-1054.
--   http://doi.org/10.1038/nmeth.4035
-- 
-- Contig consensus sequences are generated using an algorithm derived from pbdagcon:
--   Chin CS, et al.
--   Nonhybrid, finished microbial genome assemblies from long-read SMRT sequencing data.
--   Nat Methods. 2013 Jun;10(6):563-9
--   http://doi.org/10.1038/nmeth.2474
-- 
-- CONFIGURE CANU
--
-- Detected Java(TM) Runtime Environment '1.8.0_151' (from '/sw/comp/java/x86_64/sun_jdk1.8.0_151/bin/java') with -d64 support.
-- Detected gnuplot version '4.6 patchlevel 2   ' (from 'gnuplot') and image format 'png'.
--
-- Detected 10 CPUs and 80000 gigabytes of memory on the local machine.
--
-- Detected Slurm with 'sinfo' binary in /usr/bin/sinfo.
--          Slurm disabled by useGrid=false
--
-- Local machine mode enabled; grid support not detected or not allowed.
--
-- Job limits:
--     10 CPUs              (maxThreads option).
--
--                                (tag)Concurrency
--                         (tag)Threads          |
--                (tag)Memory         |          |
--        (tag)             |         |          |       total usage      algorithm
--        -------  ----------  --------   --------  --------------------  -----------------------------
-- Local: meryl     12.000 GB    2 CPUs x   5 jobs    60.000 GB  10 CPUs  (k-mer counting)
-- Local: hap        8.000 GB    2 CPUs x   5 jobs    40.000 GB  10 CPUs  (read-to-haplotype assignment)
-- Local: cormhap    6.000 GB   10 CPUs x   1 job      6.000 GB  10 CPUs  (overlap detection with mhap)
-- Local: obtovl     4.000 GB    5 CPUs x   2 jobs     8.000 GB  10 CPUs  (overlap detection)
-- Local: utgovl     4.000 GB    5 CPUs x   2 jobs     8.000 GB  10 CPUs  (overlap detection)
-- Local: cor        -.--- GB    4 CPUs x   - jobs     -.--- GB   - CPUs  (read correction)
-- Local: ovb        4.000 GB    1 CPU  x  10 jobs    40.000 GB  10 CPUs  (overlap store bucketizer)
-- Local: ovs        8.000 GB    1 CPU  x  10 jobs    80.000 GB  10 CPUs  (overlap store sorting)
-- Local: red       16.000 GB    2 CPUs x   5 jobs    80.000 GB  10 CPUs  (read error detection)
-- Local: oea        8.000 GB    1 CPU  x  10 jobs    80.000 GB  10 CPUs  (overlap error adjustment)
-- Local: bat       16.000 GB    4 CPUs x   1 job     16.000 GB   4 CPUs  (contig construction with bogart)
-- Local: cns        -.--- GB    4 CPUs x   - jobs     -.--- GB   - CPUs  (consensus)
--
-- Found untrimmed raw PacBio CLR reads in the input files.
--
-- Generating assembly 'pacbioassembly_scaffold11' in '/crex/proj/genomeanalysis2023/nobackup/work/jusu_canu/scaffold11':
--   genomeSize:
--     23775123
--
--   Overlap Generation Limits:
--     corOvlErrorRate 0.2400 ( 24.00%)
--     obtOvlErrorRate 0.0450 (  4.50%)
--     utgOvlErrorRate 0.0450 (  4.50%)
--
--   Overlap Processing Limits:
--     corErrorRate    0.2500 ( 25.00%)
--     obtErrorRate    0.0450 (  4.50%)
--     utgErrorRate    0.0450 (  4.50%)
--     cnsErrorRate    0.0750 (  7.50%)
--
--   Stages to run:
--     correct raw reads.
--     trim corrected reads.
--     assemble corrected and trimmed reads.
--
--
-- BEGIN CORRECTION
----------------------------------------
-- Starting command on Sun Apr 23 01:13:22 2023 with 2046819.935 GB free disk space

    cd .
    ./pacbioassembly_scaffold11.seqStore.sh \
    > ./pacbioassembly_scaffold11.seqStore.err 2>&1

-- Finished on Sun Apr 23 01:14:02 2023 (40 seconds) with 2046800.039 GB free disk space
----------------------------------------
--
-- In sequence store './pacbioassembly_scaffold11.seqStore':
--   Found 245450 reads.
--   Found 1872884302 bases (78.77 times coverage).
--    Histogram of raw reads:
--    
--    G=1872884302                       sum of  ||               length     num
--    NG         length     index       lengths  ||                range    seqs
--    ----- ------------ --------- ------------  ||  ------------------- -------
--    00010        17226      9085    187298729  ||       1000-1891        17569|----------------------------------------------------------
--    00020        14175     21169    374586998  ||       1892-2783        17842|-----------------------------------------------------------
--    00030        12275     35417    561872695  ||       2784-3675        19150|---------------------------------------------------------------
--    00040        10917     51626    749158226  ||       3676-4567        18888|---------------------------------------------------------------
--    00050         9782     69760    936447519  ||       4568-5459        18362|-------------------------------------------------------------
--    00060         8701     90047   1123731743  ||       5460-6351        17540|----------------------------------------------------------
--    00070         7528    113125   1311024605  ||       6352-7243        17441|----------------------------------------------------------
--    00080         6122    140571   1498310393  ||       7244-8135        17438|----------------------------------------------------------
--    00090         4355    176413   1685599797  ||       8136-9027        17560|----------------------------------------------------------
--    00100         1000    245449   1872884302  ||       9028-9919        16300|------------------------------------------------------
--    001.000x              245450   1872884302  ||       9920-10811       14291|------------------------------------------------
--                                               ||      10812-11703       11480|--------------------------------------
--                                               ||      11704-12595        9102|------------------------------
--                                               ||      12596-13487        7031|------------------------
--                                               ||      13488-14379        5455|------------------
--                                               ||      14380-15271        4337|---------------
--                                               ||      15272-16163        3405|------------
--                                               ||      16164-17055        2707|---------
--                                               ||      17056-17947        2214|--------
--                                               ||      17948-18839        1754|------
--                                               ||      18840-19731        1282|-----
--                                               ||      19732-20623        1003|----
--                                               ||      20624-21515         729|---
--                                               ||      21516-22407         597|--
--                                               ||      22408-23299         475|--
--                                               ||      23300-24191         335|--
--                                               ||      24192-25083         249|-
--                                               ||      25084-25975         209|-
--                                               ||      25976-26867         158|-
--                                               ||      26868-27759         146|-
--                                               ||      27760-28651          79|-
--                                               ||      28652-29543          74|-
--                                               ||      29544-30435          52|-
--                                               ||      30436-31327          38|-
--                                               ||      31328-32219          43|-
--                                               ||      32220-33111          25|-
--                                               ||      33112-34003          18|-
--                                               ||      34004-34895          22|-
--                                               ||      34896-35787          17|-
--                                               ||      35788-36679          11|-
--                                               ||      36680-37571           6|-
--                                               ||      37572-38463           2|-
--                                               ||      38464-39355           3|-
--                                               ||      39356-40247           4|-
--                                               ||      40248-41139           1|-
--                                               ||      41140-42031           2|-
--                                               ||      42032-42923           2|-
--                                               ||      42924-43815           0|
--                                               ||      43816-44707           0|
--                                               ||      44708-45599           2|-
--    
----------------------------------------
-- Starting command on Sun Apr 23 01:14:03 2023 with 2046800.302 GB free disk space

    cd correction/0-mercounts
    ./meryl-configure.sh \
    > ./meryl-configure.err 2>&1

-- Finished on Sun Apr 23 01:14:04 2023 (one second) with 2046800.302 GB free disk space
----------------------------------------
--  segments   memory batches
--  -------- -------- -------
--        01  3.86 GB       2
--        02  1.95 GB       2
--        04  1.21 GB       2
--        06  0.81 GB       2
--        08  0.61 GB       2
--        12  0.41 GB       2
--        16  0.30 GB       2
--
--  For 245450 reads with 1872884302 bases, limit to 18 batches.
--  Will count kmers using 01 jobs, each using 5 GB and 2 threads.
--
-- Finished stage 'merylConfigure', reset canuIteration.
--
-- Running jobs.  First attempt out of 2.
----------------------------------------
-- Starting 'meryl' concurrent execution on Sun Apr 23 01:14:04 2023 with 2046800.302 GB free disk space (1 processes; 5 concurrently)

    cd correction/0-mercounts
    ./meryl-count.sh 1 > ./meryl-count.000001.out 2>&1

-- Finished on Sun Apr 23 01:20:42 2023 (398 seconds) with 2046872.933 GB free disk space
----------------------------------------
-- Found 1 Kmer counting (meryl) outputs.
-- Finished stage 'cor-merylCountCheck', reset canuIteration.
--
-- Running jobs.  First attempt out of 2.
----------------------------------------
-- Starting 'meryl' concurrent execution on Sun Apr 23 01:20:42 2023 with 2046872.933 GB free disk space (1 processes; 5 concurrently)

    cd correction/0-mercounts
    ./meryl-process.sh 1 > ./meryl-process.000001.out 2>&1

-- Finished on Sun Apr 23 01:21:32 2023 (50 seconds) with 2046975.838 GB free disk space
----------------------------------------
-- Meryl finished successfully.  Kmer frequency histogram:
--
--  16-mers                                                                                           Fraction
--    Occurrences   NumMers                                                                         Unique Total
--       1-     1         0                                                                        0.0000 0.0000
--       2-     2 112448393 ********************************************************************** 0.4359 0.1487
--       3-     4  74339377 **********************************************                         0.6245 0.2451
--       5-     7  33484350 ********************                                                   0.7844 0.3644
--       8-    11  16999197 **********                                                             0.8762 0.4709
--      12-    16   9047597 *****                                                                  0.9296 0.5642
--      17-    22   4585255 **                                                                     0.9590 0.6379
--      23-    29   2454024 *                                                                      0.9745 0.6911
--      30-    37   1392994                                                                        0.9831 0.7299
--      38-    46    830656                                                                        0.9881 0.7588
--      47-    56    531282                                                                        0.9911 0.7807
--      57-    67    375623                                                                        0.9931 0.7981
--      68-    79    285370                                                                        0.9945 0.8131
--      80-    92    225093                                                                        0.9955 0.8267
--      93-   106    176966                                                                        0.9964 0.8393
--     107-   121    139247                                                                        0.9971 0.8508
--     122-   137    110782                                                                        0.9976 0.8611
--     138-   154     87864                                                                        0.9980 0.8705
--     155-   172     71241                                                                        0.9984 0.8788
--     173-   191     57019                                                                        0.9986 0.8865
--     192-   211     46053                                                                        0.9988 0.8932
--     212-   232     37105                                                                        0.9990 0.8993
--     233-   254     30390                                                                        0.9992 0.9047
--     255-   277     23620                                                                        0.9993 0.9095
--     278-   301     18923                                                                        0.9994 0.9137
--     302-   326     15078                                                                        0.9994 0.9172
--     327-   352     12580                                                                        0.9995 0.9203
--     353-   379     10606                                                                        0.9995 0.9232
--     380-   407      8949                                                                        0.9996 0.9257
--     408-   436      7698                                                                        0.9996 0.9280
--     437-   466      6795                                                                        0.9996 0.9301
--     467-   497      6241                                                                        0.9997 0.9322
--     498-   529      5781                                                                        0.9997 0.9342
--     530-   562      5360                                                                        0.9997 0.9361
--     563-   596      5001                                                                        0.9997 0.9380
--     597-   631      4532                                                                        0.9998 0.9399
--     632-   667      4277                                                                        0.9998 0.9418
--     668-   704      3914                                                                        0.9998 0.9436
--     705-   742      3476                                                                        0.9998 0.9454
--     743-   781      3142                                                                        0.9998 0.9470
--     782-   821      2834                                                                        0.9998 0.9486
--
--           0 (max occurrences)
--  1512878326 (total mers, non-unique)
--   257944032 (distinct mers, non-unique)
--           0 (unique mers)
-- Finished stage 'meryl-process', reset canuIteration.
--
-- Removing meryl database 'correction/0-mercounts/pacbioassembly_scaffold11.ms16'.
--
-- OVERLAPPER (mhap) (correction)
--
-- Set corMhapSensitivity=low based on read coverage of 78.77.
--
-- PARAMETERS: hashes=256, minMatches=3, threshold=0.8
--
-- Given 5.4 GB, can fit 16200 reads per block.
-- For 17 blocks, set stride to 4 blocks.
-- Logging partitioning to 'correction/1-overlapper/partitioning.log'.
-- Configured 16 mhap precompute jobs.
-- Configured 37 mhap overlap jobs.
-- Finished stage 'cor-mhapConfigure', reset canuIteration.
--
-- Running jobs.  First attempt out of 2.
----------------------------------------
-- Starting 'cormhap' concurrent execution on Sun Apr 23 01:21:33 2023 with 2046975.838 GB free disk space (16 processes; 1 concurrently)

    cd correction/1-overlapper
    ./precompute.sh 1 > ./precompute.000001.out 2>&1
    ./precompute.sh 2 > ./precompute.000002.out 2>&1
    ./precompute.sh 3 > ./precompute.000003.out 2>&1
    ./precompute.sh 4 > ./precompute.000004.out 2>&1
    ./precompute.sh 5 > ./precompute.000005.out 2>&1
    ./precompute.sh 6 > ./precompute.000006.out 2>&1
    ./precompute.sh 7 > ./precompute.000007.out 2>&1
    ./precompute.sh 8 > ./precompute.000008.out 2>&1
    ./precompute.sh 9 > ./precompute.000009.out 2>&1
    ./precompute.sh 10 > ./precompute.000010.out 2>&1
    ./precompute.sh 11 > ./precompute.000011.out 2>&1
    ./precompute.sh 12 > ./precompute.000012.out 2>&1
    ./precompute.sh 13 > ./precompute.000013.out 2>&1
    ./precompute.sh 14 > ./precompute.000014.out 2>&1
    ./precompute.sh 15 > ./precompute.000015.out 2>&1
    ./precompute.sh 16 > ./precompute.000016.out 2>&1

-- Finished on Sun Apr 23 02:21:38 2023 (3605 seconds) with 2046892.451 GB free disk space
----------------------------------------
-- All 16 mhap precompute jobs finished successfully.
-- Finished stage 'cor-mhapPrecomputeCheck', reset canuIteration.
--
-- Running jobs.  First attempt out of 2.
----------------------------------------
-- Starting 'cormhap' concurrent execution on Sun Apr 23 02:21:38 2023 with 2046892.451 GB free disk space (37 processes; 1 concurrently)

    cd correction/1-overlapper
    ./mhap.sh 1 > ./mhap.000001.out 2>&1
    ./mhap.sh 2 > ./mhap.000002.out 2>&1
    ./mhap.sh 3 > ./mhap.000003.out 2>&1
    ./mhap.sh 4 > ./mhap.000004.out 2>&1
    ./mhap.sh 5 > ./mhap.000005.out 2>&1
    ./mhap.sh 6 > ./mhap.000006.out 2>&1
    ./mhap.sh 7 > ./mhap.000007.out 2>&1
    ./mhap.sh 8 > ./mhap.000008.out 2>&1
    ./mhap.sh 9 > ./mhap.000009.out 2>&1
    ./mhap.sh 10 > ./mhap.000010.out 2>&1
    ./mhap.sh 11 > ./mhap.000011.out 2>&1
    ./mhap.sh 12 > ./mhap.000012.out 2>&1
    ./mhap.sh 13 > ./mhap.000013.out 2>&1
    ./mhap.sh 14 > ./mhap.000014.out 2>&1
    ./mhap.sh 15 > ./mhap.000015.out 2>&1
    ./mhap.sh 16 > ./mhap.000016.out 2>&1
    ./mhap.sh 17 > ./mhap.000017.out 2>&1
    ./mhap.sh 18 > ./mhap.000018.out 2>&1
    ./mhap.sh 19 > ./mhap.000019.out 2>&1
    ./mhap.sh 20 > ./mhap.000020.out 2>&1
    ./mhap.sh 21 > ./mhap.000021.out 2>&1
    ./mhap.sh 22 > ./mhap.000022.out 2>&1
    ./mhap.sh 23 > ./mhap.000023.out 2>&1
    ./mhap.sh 24 > ./mhap.000024.out 2>&1
    ./mhap.sh 25 > ./mhap.000025.out 2>&1
    ./mhap.sh 26 > ./mhap.000026.out 2>&1
    ./mhap.sh 27 > ./mhap.000027.out 2>&1
    ./mhap.sh 28 > ./mhap.000028.out 2>&1
    ./mhap.sh 29 > ./mhap.000029.out 2>&1
    ./mhap.sh 30 > ./mhap.000030.out 2>&1
    ./mhap.sh 31 > ./mhap.000031.out 2>&1
    ./mhap.sh 32 > ./mhap.000032.out 2>&1
    ./mhap.sh 33 > ./mhap.000033.out 2>&1
    ./mhap.sh 34 > ./mhap.000034.out 2>&1
    ./mhap.sh 35 > ./mhap.000035.out 2>&1
    ./mhap.sh 36 > ./mhap.000036.out 2>&1
    ./mhap.sh 37 > ./mhap.000037.out 2>&1

-- Finished on Sun Apr 23 02:47:10 2023 (1532 seconds) with 2046019.626 GB free disk space
----------------------------------------
-- Found 37 mhap overlap output files.
-- Finished stage 'cor-mhapCheck', reset canuIteration.
----------------------------------------
-- Starting command on Sun Apr 23 02:47:10 2023 with 2046019.626 GB free disk space

    cd correction
    /sw/bioinfo/canu/2.2/rackham/bin/ovStoreConfig \
     -S ../pacbioassembly_scaffold11.seqStore \
     -M 4-8 \
     -L ./1-overlapper/ovljob.files \
     -create ./pacbioassembly_scaffold11.ovlStore.config \
     > ./pacbioassembly_scaffold11.ovlStore.config.txt \
    2> ./pacbioassembly_scaffold11.ovlStore.config.err

-- Finished on Sun Apr 23 02:47:10 2023 (like a bat out of hell) with 2046019.626 GB free disk space
----------------------------------------
--
-- Creating overlap store correction/pacbioassembly_scaffold11.ovlStore using:
--      2 buckets
--      2 slices
--        using at most 6 GB memory each
-- Finished stage 'cor-overlapStoreConfigure', reset canuIteration.
--
-- Running jobs.  First attempt out of 2.
----------------------------------------
-- Starting 'ovB' concurrent execution on Sun Apr 23 02:47:10 2023 with 2046019.626 GB free disk space (2 processes; 10 concurrently)

    cd correction/pacbioassembly_scaffold11.ovlStore.BUILDING
    ./scripts/1-bucketize.sh 1 > ./logs/1-bucketize.000001.out 2>&1
    ./scripts/1-bucketize.sh 2 > ./logs/1-bucketize.000002.out 2>&1

-- Finished on Sun Apr 23 02:47:37 2023 (27 seconds) with 2046006.134 GB free disk space
----------------------------------------
-- Overlap store bucketizer finished.
-- Finished stage 'cor-overlapStoreBucketizerCheck', reset canuIteration.
--
-- Running jobs.  First attempt out of 2.
----------------------------------------
-- Starting 'ovS' concurrent execution on Sun Apr 23 02:47:37 2023 with 2046006.134 GB free disk space (2 processes; 10 concurrently)

    cd correction/pacbioassembly_scaffold11.ovlStore.BUILDING
    ./scripts/2-sort.sh 1 > ./logs/2-sort.000001.out 2>&1
    ./scripts/2-sort.sh 2 > ./logs/2-sort.000002.out 2>&1

-- Finished on Sun Apr 23 02:49:01 2023 (84 seconds) with 2045986.844 GB free disk space
----------------------------------------
-- Overlap store sorter finished.
-- Finished stage 'cor-overlapStoreSorterCheck', reset canuIteration.
----------------------------------------
-- Starting command on Sun Apr 23 02:49:01 2023 with 2045986.844 GB free disk space

    cd correction
    /sw/bioinfo/canu/2.2/rackham/bin/ovStoreIndexer \
      -O  ./pacbioassembly_scaffold11.ovlStore.BUILDING \
      -S ../pacbioassembly_scaffold11.seqStore \
      -C  ./pacbioassembly_scaffold11.ovlStore.config \
      -delete \
    > ./pacbioassembly_scaffold11.ovlStore.BUILDING.index.err 2>&1

-- Finished on Sun Apr 23 02:49:01 2023 (furiously fast) with 2045986.844 GB free disk space
----------------------------------------
-- Overlap store indexer finished.
-- Checking store.
----------------------------------------
-- Starting command on Sun Apr 23 02:49:01 2023 with 2045986.844 GB free disk space

    cd correction
    /sw/bioinfo/canu/2.2/rackham/bin/ovStoreDump \
     -S ../pacbioassembly_scaffold11.seqStore \
     -O  ./pacbioassembly_scaffold11.ovlStore \
     -counts \
     > ./pacbioassembly_scaffold11.ovlStore/counts.dat 2> ./pacbioassembly_scaffold11.ovlStore/counts.err

-- Finished on Sun Apr 23 02:49:01 2023 (like a bat out of hell) with 2045986.844 GB free disk space
----------------------------------------
--
-- Overlap store 'correction/pacbioassembly_scaffold11.ovlStore' successfully constructed.
-- Found 232434688 overlaps for 223945 reads; 21505 reads have no overlaps.
--
--
-- Purged 6.23 GB in 90 overlap output files.
-- Finished stage 'cor-createOverlapStore', reset canuIteration.
-- Set corMinCoverage=4 based on read coverage of 78.77.
-- Computing correction layouts.
--   Local  filter coverage   80
--   Global filter coverage   40
----------------------------------------
-- Starting command on Sun Apr 23 02:49:04 2023 with 2045985.356 GB free disk space

    cd correction
    /sw/bioinfo/canu/2.2/rackham/bin/generateCorrectionLayouts \
      -S ../pacbioassembly_scaffold11.seqStore \
      -O  ./pacbioassembly_scaffold11.ovlStore \
      -C  ./pacbioassembly_scaffold11.corStore.WORKING \
      -eC 80 \
      -xC 40 \
    > ./pacbioassembly_scaffold11.corStore.err 2>&1

-- Finished on Sun Apr 23 02:49:17 2023 (13 seconds) with 2045992.269 GB free disk space
----------------------------------------
-- Finished stage 'cor-buildCorrectionLayoutsConfigure', reset canuIteration.
-- Computing correction layouts.
----------------------------------------
-- Starting command on Sun Apr 23 02:49:17 2023 with 2045992.269 GB free disk space

    cd correction/2-correction
    /sw/bioinfo/canu/2.2/rackham/bin/filterCorrectionLayouts \
      -S  ../../pacbioassembly_scaffold11.seqStore \
      -C     ../pacbioassembly_scaffold11.corStore \
      -R      ./pacbioassembly_scaffold11.readsToCorrect.WORKING \
      -cc 4 \
      -cl 1000 \
      -g  23775123 \
      -c  40 \
    > ./pacbioassembly_scaffold11.readsToCorrect.err 2>&1

-- Finished on Sun Apr 23 02:49:18 2023 (one second) with 2045992.269 GB free disk space
----------------------------------------
--                             original      original
--                            raw reads     raw reads
--   category                w/overlaps  w/o/overlaps
--   -------------------- ------------- -------------
--   Number of Reads             207638         37812
--   Number of Bases         1627232768     102576622
--   Coverage                    68.443         4.314
--   Median                        7319             0
--   Mean                          7836          2712
--   N50                           9891          8451
--   Minimum                       1000             0
--   Maximum                      45571         36491
--   
--                                        --------corrected---------  ----------rescued----------
--                             evidence                     expected                     expected
--   category                     reads            raw     corrected            raw     corrected
--   -------------------- -------------  ------------- -------------  ------------- -------------
--   Number of Reads             209552          97377         97377           1937          1937
--   Number of Bases         1641169855     1029551725     951005280       10245814       4736033
--   Coverage                    69.029         43.304        40.000          0.431         0.199
--   Median                        7302           9766          9021           4076          2164
--   Mean                          7831          10572          9766           5289          2445
--   N50                           9867          10983         10151           7901          2860
--   Minimum                       1000           5387          5385           1016          1002
--   Maximum                      45571          45571         38797          27901          5374
--   
--                        --------uncorrected--------
--                                           expected
--   category                       raw     corrected
--   -------------------- ------------- -------------
--   Number of Reads             146136        146136
--   Number of Bases          690011851     201602329
--   Coverage                    29.022         8.480
--   Median                        3956             0
--   Mean                          4721          1379
--   N50                           7084          3855
--   Minimum                          0             0
--   Maximum                      42814         39309
--   
--   Maximum Memory           935033558
-- Finished stage 'cor-filterCorrectionLayouts', reset canuIteration.
--
-- Correction jobs estimated to need at most 0.87 GB for computation.
-- Correction jobs will request 6 GB each.
--
-- Local: cor        6.000 GB    4 CPUs x   2 jobs    12.000 GB   8 CPUs  (read correction)
--
--
-- Configuring correction jobs:
--   Reads estimated to need at most 0.87 GB for computation.
--   Jobs will request 6 GB each.
----------------------------------------
-- Starting command on Sun Apr 23 02:49:18 2023 with 2045992.269 GB free disk space

    cd correction/2-correction
    ./correctReadsPartition.sh \
    > ./correctReadsPartition.err 2>&1

-- Finished on Sun Apr 23 02:49:19 2023 (one second) with 2045990.84 GB free disk space
----------------------------------------
-- Finished stage 'cor-generateCorrectedReadsConfigure', reset canuIteration.
--
-- Running jobs.  First attempt out of 2.
----------------------------------------
-- Starting 'cor' concurrent execution on Sun Apr 23 02:49:19 2023 with 2045990.84 GB free disk space (10 processes; 2 concurrently)

    cd correction/2-correction
    ./correctReads.sh 1 > ./correctReads.000001.out 2>&1
    ./correctReads.sh 2 > ./correctReads.000002.out 2>&1
    ./correctReads.sh 3 > ./correctReads.000003.out 2>&1
    ./correctReads.sh 4 > ./correctReads.000004.out 2>&1
    ./correctReads.sh 5 > ./correctReads.000005.out 2>&1
    ./correctReads.sh 6 > ./correctReads.000006.out 2>&1
    ./correctReads.sh 7 > ./correctReads.000007.out 2>&1
    ./correctReads.sh 8 > ./correctReads.000008.out 2>&1
    ./correctReads.sh 9 > ./correctReads.000009.out 2>&1
    ./correctReads.sh 10 > ./correctReads.000010.out 2>&1

-- Finished on Sun Apr 23 04:45:18 2023 (6959 seconds) with 2044664.986 GB free disk space
----------------------------------------
-- Found 10 read correction output files.
-- Finished stage 'cor-generateCorrectedReadsCheck', reset canuIteration.
-- Found 10 read correction output files.
-- Finished stage 'cor-generateCorrectedReadsCheck', reset canuIteration.
--
-- Loading corrected reads into corStore and seqStore.
----------------------------------------
-- Starting command on Sun Apr 23 04:45:18 2023 with 2044664.986 GB free disk space

    cd correction
    /sw/bioinfo/canu/2.2/rackham/bin/loadCorrectedReads \
      -S ../pacbioassembly_scaffold11.seqStore \
      -C ./pacbioassembly_scaffold11.corStore \
      -L ./2-correction/corjob.files \
    >  ./pacbioassembly_scaffold11.loadCorrectedReads.log \
    2> ./pacbioassembly_scaffold11.loadCorrectedReads.err

-- Finished on Sun Apr 23 04:46:58 2023 (100 seconds) with 2044562.34 GB free disk space
----------------------------------------
--
-- In sequence store './pacbioassembly_scaffold11.seqStore':
--   Found 93318 reads.
--   Found 821603614 bases (34.55 times coverage).
--    Histogram of corrected reads:
--    
--    G=821603614                        sum of  ||               length     num
--    NG         length     index       lengths  ||                range    seqs
--    ----- ------------ --------- ------------  ||  ------------------- -------
--    00010        15651      4489     82163400  ||       1000-1693         1070|--------
--    00020        13144     10259    164322421  ||       1694-2387          947|-------
--    00030        11556     16947    246488733  ||       2388-3081         1079|--------
--    00040        10418     24452    328648499  ||       3082-3775         1108|--------
--    00050         9528     32704    410809718  ||       3776-4469         1402|-----------
--    00060         8698     41731    492969286  ||       4470-5163         2738|--------------------
--    00070         7867     51653    575123029  ||       5164-5857         8379|------------------------------------------------------------
--    00080         6953     62745    657287867  ||       5858-6551         8813|---------------------------------------------------------------
--    00090         5943     75493    739445284  ||       6552-7245         8679|---------------------------------------------------------------
--    00100         1000     93317    821603614  ||       7246-7939         8294|------------------------------------------------------------
--    001.000x               93318    821603614  ||       7940-8633         8363|------------------------------------------------------------
--                                               ||       8634-9327         7687|-------------------------------------------------------
--                                               ||       9328-10021        6840|-------------------------------------------------
--                                               ||      10022-10715        5758|------------------------------------------
--                                               ||      10716-11409        4441|--------------------------------
--                                               ||      11410-12103        3407|-------------------------
--                                               ||      12104-12797        2856|---------------------
--                                               ||      12798-13491        2252|-----------------
--                                               ||      13492-14185        1863|--------------
--                                               ||      14186-14879        1556|------------
--                                               ||      14880-15573        1191|---------
--                                               ||      15574-16267         979|-------
--                                               ||      16268-16961         810|------
--                                               ||      16962-17655         672|-----
--                                               ||      17656-18349         495|----
--                                               ||      18350-19043         357|---
--                                               ||      19044-19737         298|---
--                                               ||      19738-20431         239|--
--                                               ||      20432-21125         181|--
--                                               ||      21126-21819         131|-
--                                               ||      21820-22513         104|-
--                                               ||      22514-23207          87|-
--                                               ||      23208-23901          64|-
--                                               ||      23902-24595          57|-
--                                               ||      24596-25289          36|-
--                                               ||      25290-25983          22|-
--                                               ||      25984-26677          17|-
--                                               ||      26678-27371           4|-
--                                               ||      27372-28065          13|-
--                                               ||      28066-28759           4|-
--                                               ||      28760-29453           3|-
--                                               ||      29454-30147           5|-
--                                               ||      30148-30841           6|-
--                                               ||      30842-31535           6|-
--                                               ||      31536-32229           0|
--                                               ||      32230-32923           1|-
--                                               ||      32924-33617           1|-
--                                               ||      33618-34311           1|-
--                                               ||      34312-35005           0|
--                                               ||      35006-35699           2|-
--    
--
-- Purging correctReads output after loading into stores.
-- Purged 10 .cns outputs.
-- Purged 20 .out job log outputs.
--
-- No corrected reads generated, overlaps used for correction saved.
-- Finished stage 'cor-loadCorrectedReads', reset canuIteration.
----------------------------------------
-- Starting command on Sun Apr 23 04:46:59 2023 with 2044565.631 GB free disk space

    cd .
    /sw/bioinfo/canu/2.2/rackham/bin/sqStoreDumpFASTQ \
      -corrected \
      -S ./pacbioassembly_scaffold11.seqStore \
      -o ./pacbioassembly_scaffold11.correctedReads.gz \
      -fasta \
      -nolibname \
    > pacbioassembly_scaffold11.correctedReads.fasta.err 2>&1

-- Finished on Sun Apr 23 04:47:23 2023 (24 seconds) with 2044560.801 GB free disk space
----------------------------------------
--
-- Corrected reads saved in 'pacbioassembly_scaffold11.correctedReads.fasta.gz'.
-- Finished stage 'cor-dumpCorrectedReads', reset canuIteration.
--
-- BEGIN TRIMMING
----------------------------------------
-- Starting command on Sun Apr 23 04:47:23 2023 with 2044560.801 GB free disk space

    cd trimming/0-mercounts
    ./meryl-configure.sh \
    > ./meryl-configure.err 2>&1

-- Finished on Sun Apr 23 04:47:24 2023 (one second) with 2044560.801 GB free disk space
----------------------------------------
--  segments   memory batches
--  -------- -------- -------
--        01  3.00 GB       2
--        02  1.64 GB       2
--        04  0.82 GB       2
--        06  0.55 GB       2
--        08  0.41 GB       2
--
--  For 93318 reads with 821603614 bases, limit to 8 batches.
--  Will count kmers using 01 jobs, each using 4 GB and 2 threads.
--
-- Finished stage 'merylConfigure', reset canuIteration.
--
-- Running jobs.  First attempt out of 2.
----------------------------------------
-- Starting 'meryl' concurrent execution on Sun Apr 23 04:47:24 2023 with 2044560.801 GB free disk space (1 processes; 5 concurrently)

    cd trimming/0-mercounts
    ./meryl-count.sh 1 > ./meryl-count.000001.out 2>&1

-- Finished on Sun Apr 23 04:49:56 2023 (152 seconds) with 2044537.95 GB free disk space
----------------------------------------
-- Found 1 Kmer counting (meryl) outputs.
-- Finished stage 'obt-merylCountCheck', reset canuIteration.
--
-- Running jobs.  First attempt out of 2.
----------------------------------------
-- Starting 'meryl' concurrent execution on Sun Apr 23 04:49:56 2023 with 2044537.95 GB free disk space (1 processes; 5 concurrently)

    cd trimming/0-mercounts
    ./meryl-process.sh 1 > ./meryl-process.000001.out 2>&1

-- Finished on Sun Apr 23 04:50:08 2023 (12 seconds) with 2044531.783 GB free disk space
----------------------------------------
-- Meryl finished successfully.  Kmer frequency histogram:
--
--  22-mers                                                                                           Fraction
--    Occurrences   NumMers                                                                         Unique Total
--       1-     1         0                                                                        0.0000 0.0000
--       2-     2   7851835 ***********************************************                        0.1813 0.0204
--       3-     7  10396121 **************************************************************         0.2646 0.0345
--       8-    16   7744758 **********************************************                         0.4458 0.0916
--      17-    29  11571899 ********************************************************************** 0.6204 0.2186
--      30-    46   4621335 ***************************                                            0.8820 0.5664
--      47-    67    500800 ***                                                                    0.9752 0.7537
--      68-    92    196363 *                                                                      0.9859 0.7874
--      93-   121    104342                                                                        0.9903 0.8068
--     122-   154     68668                                                                        0.9926 0.8209
--     155-   191     48954                                                                        0.9942 0.8331
--     192-   232     35353                                                                        0.9953 0.8438
--     233-   277     30076                                                                        0.9961 0.8535
--     278-   326     29474                                                                        0.9968 0.8634
--     327-   379     25408                                                                        0.9975 0.8750
--     380-   436     21250                                                                        0.9981 0.8866
--     437-   497     18548                                                                        0.9986 0.8977
--     498-   562     12555                                                                        0.9990 0.9090
--     563-   631      5130                                                                        0.9993 0.9175
--     632-   704      3047                                                                        0.9994 0.9214
--     705-   781      2246                                                                        0.9995 0.9240
--     782-   862       920                                                                        0.9995 0.9261
--     863-   947       701                                                                        0.9995 0.9271
--     948-  1036       685                                                                        0.9995 0.9279
--    1037-  1129       730                                                                        0.9996 0.9288
--    1130-  1226       694                                                                        0.9996 0.9298
--    1227-  1327       608                                                                        0.9996 0.9309
--    1328-  1432       705                                                                        0.9996 0.9319
--    1433-  1541       539                                                                        0.9996 0.9332
--    1542-  1654       556                                                                        0.9996 0.9342
--    1655-  1771       479                                                                        0.9996 0.9354
--    1772-  1892       570                                                                        0.9997 0.9364
--    1893-  2017       531                                                                        0.9997 0.9378
--    2018-  2146       603                                                                        0.9997 0.9392
--    2147-  2279       725                                                                        0.9997 0.9408
--    2280-  2416       875                                                                        0.9997 0.9429
--    2417-  2557       662                                                                        0.9997 0.9455
--    2558-  2702       619                                                                        0.9997 0.9477
--    2703-  2851       747                                                                        0.9998 0.9498
--    2852-  3004       897                                                                        0.9998 0.9525
--    3005-  3161      1091                                                                        0.9998 0.9559
--
--           0 (max occurrences)
--   770042640 (total mers, non-unique)
--    43309726 (distinct mers, non-unique)
--           0 (unique mers)
-- Finished stage 'meryl-process', reset canuIteration.
--
-- Removing meryl database 'trimming/0-mercounts/pacbioassembly_scaffold11.ms22'.
--
-- OVERLAPPER (normal) (trimming) erate=0.045
--
----------------------------------------
-- Starting command on Sun Apr 23 04:50:08 2023 with 2044531.783 GB free disk space

    cd trimming/1-overlapper
    /sw/bioinfo/canu/2.2/rackham/bin/overlapInCorePartition \
     -S  ../../pacbioassembly_scaffold11.seqStore \
     -hl 80000000 \
     -rl 1000000000 \
     -ol 500 \
     -o  ./pacbioassembly_scaffold11.partition \
    > ./pacbioassembly_scaffold11.partition.err 2>&1

-- Finished on Sun Apr 23 04:50:08 2023 (lickety-split) with 2044531.783 GB free disk space
----------------------------------------
--
-- Configured 11 overlapInCore jobs.
-- Finished stage 'obt-overlapConfigure', reset canuIteration.
--
-- Running jobs.  First attempt out of 2.
----------------------------------------
-- Starting 'obtovl' concurrent execution on Sun Apr 23 04:50:08 2023 with 2044531.783 GB free disk space (11 processes; 2 concurrently)

    cd trimming/1-overlapper
    ./overlap.sh 1 > ./overlap.000001.out 2>&1
    ./overlap.sh 2 > ./overlap.000002.out 2>&1
    ./overlap.sh 3 > ./overlap.000003.out 2>&1
    ./overlap.sh 4 > ./overlap.000004.out 2>&1
    ./overlap.sh 5 > ./overlap.000005.out 2>&1
    ./overlap.sh 6 > ./overlap.000006.out 2>&1
    ./overlap.sh 7 > ./overlap.000007.out 2>&1
    ./overlap.sh 8 > ./overlap.000008.out 2>&1
    ./overlap.sh 9 > ./overlap.000009.out 2>&1
    ./overlap.sh 10 > ./overlap.000010.out 2>&1
    ./overlap.sh 11 > ./overlap.000011.out 2>&1

-- Finished on Sun Apr 23 05:21:56 2023 (1908 seconds) with 2044200.42 GB free disk space
----------------------------------------
-- Found 11 overlapInCore output files.
--
-- overlapInCore compute 'trimming/1-overlapper':
--   kmer hits
--     with no overlap        139593482  16.5454545 +- 8589210.617
--     with an overlap         13615283     1237753 +- 1938881.509
--
--   overlaps                  13610598  7.09090909 +- 1937960.622
--     contained                      0           0 +- 0
--     dovetail                       0           0 +- 0
--
--   overlaps rejected
--     multiple per pair              0           0 +- 0
--     bad short window               0           0 +- 0
--     bad long window                0           0 +- 0
-- Finished stage 'obt-overlapCheck', reset canuIteration.
----------------------------------------
-- Starting command on Sun Apr 23 05:21:56 2023 with 2044200.42 GB free disk space

    cd trimming
    /sw/bioinfo/canu/2.2/rackham/bin/ovStoreConfig \
     -S ../pacbioassembly_scaffold11.seqStore \
     -M 8 \
     -L ./1-overlapper/ovljob.files \
     -create ./pacbioassembly_scaffold11.ovlStore.config \
     > ./pacbioassembly_scaffold11.ovlStore.config.txt \
    2> ./pacbioassembly_scaffold11.ovlStore.config.err

-- Finished on Sun Apr 23 05:21:56 2023 (like a bat out of hell) with 2044200.42 GB free disk space
----------------------------------------
--
-- Creating overlap store trimming/pacbioassembly_scaffold11.ovlStore using:
--      2 buckets
--      2 slices
--        using at most 2 GB memory each
-- Finished stage 'obt-overlapStoreConfigure', reset canuIteration.
--
-- Running jobs.  First attempt out of 2.
----------------------------------------
-- Starting 'ovB' concurrent execution on Sun Apr 23 05:21:57 2023 with 2044200.42 GB free disk space (2 processes; 10 concurrently)

    cd trimming/pacbioassembly_scaffold11.ovlStore.BUILDING
    ./scripts/1-bucketize.sh 1 > ./logs/1-bucketize.000001.out 2>&1
    ./scripts/1-bucketize.sh 2 > ./logs/1-bucketize.000002.out 2>&1

-- Finished on Sun Apr 23 05:22:01 2023 (4 seconds) with 2044200.062 GB free disk space
----------------------------------------
-- Overlap store bucketizer finished.
-- Finished stage 'obt-overlapStoreBucketizerCheck', reset canuIteration.
--
-- Running jobs.  First attempt out of 2.
----------------------------------------
-- Starting 'ovS' concurrent execution on Sun Apr 23 05:22:01 2023 with 2044200.062 GB free disk space (2 processes; 10 concurrently)

    cd trimming/pacbioassembly_scaffold11.ovlStore.BUILDING
    ./scripts/2-sort.sh 1 > ./logs/2-sort.000001.out 2>&1
    ./scripts/2-sort.sh 2 > ./logs/2-sort.000002.out 2>&1

-- Finished on Sun Apr 23 05:22:10 2023 (9 seconds) with 2044230.152 GB free disk space
----------------------------------------
-- Overlap store sorter finished.
-- Finished stage 'obt-overlapStoreSorterCheck', reset canuIteration.
----------------------------------------
-- Starting command on Sun Apr 23 05:22:10 2023 with 2044230.152 GB free disk space

    cd trimming
    /sw/bioinfo/canu/2.2/rackham/bin/ovStoreIndexer \
      -O  ./pacbioassembly_scaffold11.ovlStore.BUILDING \
      -S ../pacbioassembly_scaffold11.seqStore \
      -C  ./pacbioassembly_scaffold11.ovlStore.config \
      -delete \
    > ./pacbioassembly_scaffold11.ovlStore.BUILDING.index.err 2>&1

-- Finished on Sun Apr 23 05:22:10 2023 (like a bat out of hell) with 2044230.152 GB free disk space
----------------------------------------
-- Overlap store indexer finished.
-- Checking store.
----------------------------------------
-- Starting command on Sun Apr 23 05:22:10 2023 with 2044230.152 GB free disk space

    cd trimming
    /sw/bioinfo/canu/2.2/rackham/bin/ovStoreDump \
     -S ../pacbioassembly_scaffold11.seqStore \
     -O  ./pacbioassembly_scaffold11.ovlStore \
     -counts \
     > ./pacbioassembly_scaffold11.ovlStore/counts.dat 2> ./pacbioassembly_scaffold11.ovlStore/counts.err

-- Finished on Sun Apr 23 05:22:10 2023 (in the blink of an eye) with 2044230.152 GB free disk space
----------------------------------------
--
-- Overlap store 'trimming/pacbioassembly_scaffold11.ovlStore' successfully constructed.
-- Found 27230566 overlaps for 92918 reads; 152532 reads have no overlaps.
--
--
-- Purged 0.263 GB in 33 overlap output files.
-- Finished stage 'obt-createOverlapStore', reset canuIteration.
----------------------------------------
-- Starting command on Sun Apr 23 05:22:11 2023 with 2044230.152 GB free disk space

    cd trimming/3-overlapbasedtrimming
    /sw/bioinfo/canu/2.2/rackham/bin/trimReads \
      -S  ../../pacbioassembly_scaffold11.seqStore \
      -O  ../pacbioassembly_scaffold11.ovlStore \
      -Co ./pacbioassembly_scaffold11.1.trimReads.clear \
      -e  0.045 \
      -minlength 1000 \
      -ol 500 \
      -oc 2 \
      -o  ./pacbioassembly_scaffold11.1.trimReads \
    >     ./pacbioassembly_scaffold11.1.trimReads.err 2>&1

-- Finished on Sun Apr 23 05:22:25 2023 (14 seconds) with 2044225.709 GB free disk space
----------------------------------------
--  PARAMETERS:
--  ----------
--     1000    (reads trimmed below this many bases are deleted)
--   0.0450    (use overlaps at or below this fraction error)
--      500    (break region if overlap is less than this long, for 'largest covered' algorithm)
--        2    (break region if overlap coverage is less than this many reads, for 'largest covered' algorithm)
--  
--  INPUT READS:
--  -----------
--  245450 reads    821603614 bases (reads processed)
--       0 reads            0 bases (reads not processed, previously deleted)
--       0 reads            0 bases (reads not processed, in a library where trimming isn't allowed)
--  
--  OUTPUT READS:
--  ------------
--   59732 reads    488892138 bases (trimmed reads output)
--   31992 reads    294952993 bases (reads with no change, kept as is)
--  152532 reads      1217170 bases (reads with no overlaps, deleted)
--    1194 reads      4424508 bases (reads with short trimmed length, deleted)
--  
--  TRIMMING DETAILS:
--  ----------------
--   41563 reads     16107369 bases (bases trimmed from the 5' end of a read)
--   37729 reads     16009436 bases (bases trimmed from the 3' end of a read)
-- Finished stage 'obt-trimReads', reset canuIteration.
----------------------------------------
-- Starting command on Sun Apr 23 05:22:25 2023 with 2044225.709 GB free disk space

    cd trimming/3-overlapbasedtrimming
    /sw/bioinfo/canu/2.2/rackham/bin/splitReads \
      -S  ../../pacbioassembly_scaffold11.seqStore \
      -O  ../pacbioassembly_scaffold11.ovlStore \
      -Ci ./pacbioassembly_scaffold11.1.trimReads.clear \
      -Co ./pacbioassembly_scaffold11.2.splitReads.clear \
      -e  0.045 \
      -minlength 1000 \
      -o  ./pacbioassembly_scaffold11.2.splitReads \
    >     ./pacbioassembly_scaffold11.2.splitReads.err 2>&1

-- Finished on Sun Apr 23 05:22:34 2023 (9 seconds) with 2044223.301 GB free disk space
----------------------------------------
--  PARAMETERS:
--  ----------
--     1000    (reads trimmed below this many bases are deleted)
--   0.0450    (use overlaps at or below this fraction error)
--  INPUT READS:
--  -----------
--   91724 reads    815961936 bases (reads processed)
--  153726 reads      5641678 bases (reads not processed, previously deleted)
--       0 reads            0 bases (reads not processed, in a library where trimming isn't allowed)
--  
--  PROCESSED:
--  --------
--       0 reads            0 bases (no overlaps)
--      32 reads       138022 bases (no coverage after adjusting for trimming done already)
--       0 reads            0 bases (processed for chimera)
--       0 reads            0 bases (processed for spur)
--   91692 reads    815823914 bases (processed for subreads)
--  
--  READS WITH SIGNALS:
--  ------------------
--       0 reads            0 signals (number of 5' spur signal)
--       0 reads            0 signals (number of 3' spur signal)
--       0 reads            0 signals (number of chimera signal)
--      17 reads           18 signals (number of subread signal)
--  
--  SIGNALS:
--  -------
--       0 reads            0 bases (size of 5' spur signal)
--       0 reads            0 bases (size of 3' spur signal)
--       0 reads            0 bases (size of chimera signal)
--      18 reads         3737 bases (size of subread signal)
--  
--  TRIMMING:
--  --------
--       6 reads        24393 bases (trimmed from the 5' end of the read)
--      11 reads        51073 bases (trimmed from the 3' end of the read)
-- Finished stage 'obt-splitReads', reset canuIteration.
----------------------------------------
-- Starting command on Sun Apr 23 05:22:34 2023 with 2044223.301 GB free disk space

    cd trimming/3-overlapbasedtrimming
    /sw/bioinfo/canu/2.2/rackham/bin/loadTrimmedReads \
      -S ../../pacbioassembly_scaffold11.seqStore \
      -c ./pacbioassembly_scaffold11.2.splitReads.clear \
    > ./pacbioassembly_scaffold11.loadTrimmedReads.err 2>&1

-- Finished on Sun Apr 23 05:22:40 2023 (6 seconds) with 2044222.144 GB free disk space
----------------------------------------
--
-- In sequence store './pacbioassembly_scaffold11.seqStore':
--   Found 91724 reads.
--   Found 783769665 bases (32.96 times coverage).
--    Histogram of corrected-trimmed reads:
--    
--    G=783769665                        sum of  ||               length     num
--    NG         length     index       lengths  ||                range    seqs
--    ----- ------------ --------- ------------  ||  ------------------- -------
--    00010        15523      4311     78391417  ||       1000-1685         1300|----------
--    00020        13017      9862    156755348  ||       1686-2371         1245|----------
--    00030        11418     16310    235135450  ||       2372-3057         1413|-----------
--    00040        10283     23552    313511550  ||       3058-3743         1639|-------------
--    00050         9387     31533    391890022  ||       3744-4429         2126|----------------
--    00060         8538     40286    470269759  ||       4430-5115         3435|--------------------------
--    00070         7695     49941    548644896  ||       5116-5801         7981|------------------------------------------------------------
--    00080         6772     60784    627018794  ||       5802-6487         8387|---------------------------------------------------------------
--    00090         5739     73322    705397004  ||       6488-7173         8265|---------------------------------------------------------------
--    00100         1000     91723    783769665  ||       7174-7859         7872|------------------------------------------------------------
--    001.000x               91724    783769665  ||       7860-8545         7859|------------------------------------------------------------
--                                               ||       8546-9231         7150|------------------------------------------------------
--                                               ||       9232-9917         6458|-------------------------------------------------
--                                               ||       9918-10603        5321|----------------------------------------
--                                               ||      10604-11289        4231|--------------------------------
--                                               ||      11290-11975        3293|-------------------------
--                                               ||      11976-12661        2735|---------------------
--                                               ||      12662-13347        2135|-----------------
--                                               ||      13348-14033        1738|--------------
--                                               ||      14034-14719        1491|------------
--                                               ||      14720-15405        1156|---------
--                                               ||      15406-16091         922|-------
--                                               ||      16092-16777         794|------
--                                               ||      16778-17463         659|-----
--                                               ||      17464-18149         508|----
--                                               ||      18150-18835         352|---
--                                               ||      18836-19521         294|---
--                                               ||      19522-20207         217|--
--                                               ||      20208-20893         169|--
--                                               ||      20894-21579         140|--
--                                               ||      21580-22265         114|-
--                                               ||      22266-22951          83|-
--                                               ||      22952-23637          64|-
--                                               ||      23638-24323          56|-
--                                               ||      24324-25009          33|-
--                                               ||      25010-25695          30|-
--                                               ||      25696-26381          17|-
--                                               ||      26382-27067           5|-
--                                               ||      27068-27753           8|-
--                                               ||      27754-28439           8|-
--                                               ||      28440-29125           2|-
--                                               ||      29126-29811           5|-
--                                               ||      29812-30497           5|-
--                                               ||      30498-31183           4|-
--                                               ||      31184-31869           3|-
--                                               ||      31870-32555           0|
--                                               ||      32556-33241           0|
--                                               ||      33242-33927           1|-
--                                               ||      33928-34613           0|
--                                               ||      34614-35299           1|-
--    
--
-- No trimmed reads generated, overlaps used for trimming saved.
-- Finished stage 'obt-dumpReads', reset canuIteration.
----------------------------------------
-- Starting command on Sun Apr 23 05:22:41 2023 with 2044222.144 GB free disk space

    cd .
    /sw/bioinfo/canu/2.2/rackham/bin/sqStoreDumpFASTQ \
      -trimmed \
      -S ./pacbioassembly_scaffold11.seqStore \
      -o ./pacbioassembly_scaffold11.trimmedReads.gz \
      -fasta \
      -trimmed -normal -nolibname \
    > ./pacbioassembly_scaffold11.trimmedReads.fasta.err 2>&1

-- Finished on Sun Apr 23 05:23:04 2023 (23 seconds) with 2044213.621 GB free disk space
----------------------------------------
--
-- Trimmed reads saved in 'pacbioassembly_scaffold11.trimmedReads.fasta.gz'.
-- Finished stage 'cor-dumpTrimmedReads', reset canuIteration.
--
-- BEGIN ASSEMBLY
----------------------------------------
-- Starting command on Sun Apr 23 05:23:04 2023 with 2044213.621 GB free disk space

    cd unitigging/0-mercounts
    ./meryl-configure.sh \
    > ./meryl-configure.err 2>&1

-- Finished on Sun Apr 23 05:23:05 2023 (one second) with 2044213.621 GB free disk space
----------------------------------------
--  segments   memory batches
--  -------- -------- -------
--        01  2.87 GB       2
--        02  1.56 GB       2
--        04  0.78 GB       2
--        06  0.52 GB       2
--
--  For 91724 reads with 783769665 bases, limit to 7 batches.
--  Will count kmers using 01 jobs, each using 4 GB and 2 threads.
--
-- Finished stage 'merylConfigure', reset canuIteration.
--
-- Running jobs.  First attempt out of 2.
----------------------------------------
-- Starting 'meryl' concurrent execution on Sun Apr 23 05:23:05 2023 with 2044213.621 GB free disk space (1 processes; 5 concurrently)

    cd unitigging/0-mercounts
    ./meryl-count.sh 1 > ./meryl-count.000001.out 2>&1

-- Finished on Sun Apr 23 05:25:30 2023 (145 seconds) with 2044170.183 GB free disk space
----------------------------------------
-- Found 1 Kmer counting (meryl) outputs.
-- Finished stage 'utg-merylCountCheck', reset canuIteration.
--
-- Running jobs.  First attempt out of 2.
----------------------------------------
-- Starting 'meryl' concurrent execution on Sun Apr 23 05:25:30 2023 with 2044170.183 GB free disk space (1 processes; 5 concurrently)

    cd unitigging/0-mercounts
    ./meryl-process.sh 1 > ./meryl-process.000001.out 2>&1

-- Finished on Sun Apr 23 05:25:41 2023 (11 seconds) with 2044166.387 GB free disk space
----------------------------------------
-- Meryl finished successfully.  Kmer frequency histogram:
--
--  22-mers                                                                                           Fraction
--    Occurrences   NumMers                                                                         Unique Total
--       1-     1         0                                                                        0.0000 0.0000
--       2-     2   6440484 ***************************************                                0.1598 0.0173
--       3-     7   9336573 *********************************************************              0.2367 0.0299
--       8-    16   7671670 **********************************************                         0.4163 0.0848
--      17-    29  11426420 ********************************************************************** 0.6039 0.2169
--      30-    46   4364549 **************************                                             0.8805 0.5709
--      47-    67    468855 **                                                                     0.9747 0.7535
--      68-    92    183872 *                                                                      0.9855 0.7863
--      93-   121     99123                                                                        0.9899 0.8052
--     122-   154     64996                                                                        0.9924 0.8192
--     155-   191     46930                                                                        0.9939 0.8310
--     192-   232     34321                                                                        0.9951 0.8418
--     233-   277     28738                                                                        0.9959 0.8515
--     278-   326     28982                                                                        0.9966 0.8613
--     327-   379     24680                                                                        0.9974 0.8732
--     380-   436     20847                                                                        0.9980 0.8848
--     437-   497     18198                                                                        0.9985 0.8962
--     498-   562     12350                                                                        0.9989 0.9076
--     563-   631      4980                                                                        0.9992 0.9163
--     632-   704      2947                                                                        0.9994 0.9202
--     705-   781      2018                                                                        0.9994 0.9229
--     782-   862       832                                                                        0.9995 0.9248
--     863-   947       654                                                                        0.9995 0.9257
--     948-  1036       613                                                                        0.9995 0.9265
--    1037-  1129       737                                                                        0.9995 0.9274
--    1130-  1226       646                                                                        0.9995 0.9284
--    1227-  1327       594                                                                        0.9996 0.9295
--    1328-  1432       708                                                                        0.9996 0.9305
--    1433-  1541       501                                                                        0.9996 0.9318
--    1542-  1654       537                                                                        0.9996 0.9328
--    1655-  1771       470                                                                        0.9996 0.9339
--    1772-  1892       563                                                                        0.9996 0.9350
--    1893-  2017       518                                                                        0.9996 0.9364
--    2018-  2146       619                                                                        0.9997 0.9378
--    2147-  2279       722                                                                        0.9997 0.9395
--    2280-  2416       885                                                                        0.9997 0.9417
--    2417-  2557       645                                                                        0.9997 0.9445
--    2558-  2702       656                                                                        0.9997 0.9466
--    2703-  2851       769                                                                        0.9997 0.9490
--    2852-  3004       938                                                                        0.9998 0.9519
--    3005-  3161      1096                                                                        0.9998 0.9556
--
--           0 (max occurrences)
--   742569464 (total mers, non-unique)
--    40302658 (distinct mers, non-unique)
--           0 (unique mers)
-- Finished stage 'meryl-process', reset canuIteration.
--
-- Removing meryl database 'unitigging/0-mercounts/pacbioassembly_scaffold11.ms22'.
--
-- OVERLAPPER (normal) (assembly) erate=0.045
--
----------------------------------------
-- Starting command on Sun Apr 23 05:25:42 2023 with 2044166.387 GB free disk space

    cd unitigging/1-overlapper
    /sw/bioinfo/canu/2.2/rackham/bin/overlapInCorePartition \
     -S  ../../pacbioassembly_scaffold11.seqStore \
     -hl 80000000 \
     -rl 1000000000 \
     -ol 500 \
     -o  ./pacbioassembly_scaffold11.partition \
    > ./pacbioassembly_scaffold11.partition.err 2>&1

-- Finished on Sun Apr 23 05:25:42 2023 (lickety-split) with 2044166.387 GB free disk space
----------------------------------------
--
-- Configured 10 overlapInCore jobs.
-- Finished stage 'utg-overlapConfigure', reset canuIteration.
--
-- Running jobs.  First attempt out of 2.
----------------------------------------
-- Starting 'utgovl' concurrent execution on Sun Apr 23 05:25:42 2023 with 2044166.387 GB free disk space (10 processes; 2 concurrently)

    cd unitigging/1-overlapper
    ./overlap.sh 1 > ./overlap.000001.out 2>&1
    ./overlap.sh 2 > ./overlap.000002.out 2>&1
    ./overlap.sh 3 > ./overlap.000003.out 2>&1
    ./overlap.sh 4 > ./overlap.000004.out 2>&1
    ./overlap.sh 5 > ./overlap.000005.out 2>&1
    ./overlap.sh 6 > ./overlap.000006.out 2>&1
    ./overlap.sh 7 > ./overlap.000007.out 2>&1
    ./overlap.sh 8 > ./overlap.000008.out 2>&1
    ./overlap.sh 9 > ./overlap.000009.out 2>&1
    ./overlap.sh 10 > ./overlap.000010.out 2>&1

-- Finished on Sun Apr 23 05:59:13 2023 (2011 seconds) with 2043609.236 GB free disk space
----------------------------------------
-- Found 10 overlapInCore output files.
--
-- overlapInCore compute 'unitigging/1-overlapper':
--   kmer hits
--     with no overlap        126137289  12613728.9 +- 7676211.643
--     with an overlap         12697022   1269702.2 +- 1847476.707
--
--   overlaps                  12697022   1269702.2 +- 1847476.707
--     contained                4560917    456091.7 +- 710128.65
--     dovetail                 8136105    813610.5 +- 1137594.223
--
--   overlaps rejected
--     multiple per pair              0           0 +- 0
--     bad short window               0           0 +- 0
--     bad long window                0           0 +- 0
-- Finished stage 'utg-overlapCheck', reset canuIteration.
----------------------------------------
-- Starting command on Sun Apr 23 05:59:13 2023 with 2043609.236 GB free disk space

    cd unitigging
    /sw/bioinfo/canu/2.2/rackham/bin/ovStoreConfig \
     -S ../pacbioassembly_scaffold11.seqStore \
     -M 4 \
     -L ./1-overlapper/ovljob.files \
     -create ./pacbioassembly_scaffold11.ovlStore.config \
     > ./pacbioassembly_scaffold11.ovlStore.config.txt \
    2> ./pacbioassembly_scaffold11.ovlStore.config.err

-- Finished on Sun Apr 23 05:59:14 2023 (one second) with 2043609.236 GB free disk space
----------------------------------------
--
-- Creating overlap store unitigging/pacbioassembly_scaffold11.ovlStore using:
--      2 buckets
--      2 slices
--        using at most 2 GB memory each
-- Finished stage 'utg-overlapStoreConfigure', reset canuIteration.
--
-- Running jobs.  First attempt out of 2.
----------------------------------------
-- Starting 'ovB' concurrent execution on Sun Apr 23 05:59:14 2023 with 2043609.236 GB free disk space (2 processes; 10 concurrently)

    cd unitigging/pacbioassembly_scaffold11.ovlStore.BUILDING
    ./scripts/1-bucketize.sh 1 > ./logs/1-bucketize.000001.out 2>&1
    ./scripts/1-bucketize.sh 2 > ./logs/1-bucketize.000002.out 2>&1

-- Finished on Sun Apr 23 05:59:18 2023 (4 seconds) with 2043607.537 GB free disk space
----------------------------------------
-- Overlap store bucketizer finished.
-- Finished stage 'utg-overlapStoreBucketizerCheck', reset canuIteration.
--
-- Running jobs.  First attempt out of 2.
----------------------------------------
-- Starting 'ovS' concurrent execution on Sun Apr 23 05:59:18 2023 with 2043607.537 GB free disk space (2 processes; 10 concurrently)

    cd unitigging/pacbioassembly_scaffold11.ovlStore.BUILDING
    ./scripts/2-sort.sh 1 > ./logs/2-sort.000001.out 2>&1
    ./scripts/2-sort.sh 2 > ./logs/2-sort.000002.out 2>&1

-- Finished on Sun Apr 23 05:59:26 2023 (8 seconds) with 2043606.086 GB free disk space
----------------------------------------
-- Overlap store sorter finished.
-- Finished stage 'utg-overlapStoreSorterCheck', reset canuIteration.
----------------------------------------
-- Starting command on Sun Apr 23 05:59:26 2023 with 2043606.086 GB free disk space

    cd unitigging
    /sw/bioinfo/canu/2.2/rackham/bin/ovStoreIndexer \
      -O  ./pacbioassembly_scaffold11.ovlStore.BUILDING \
      -S ../pacbioassembly_scaffold11.seqStore \
      -C  ./pacbioassembly_scaffold11.ovlStore.config \
      -delete \
    > ./pacbioassembly_scaffold11.ovlStore.BUILDING.index.err 2>&1

-- Finished on Sun Apr 23 05:59:26 2023 (in the blink of an eye) with 2043606.086 GB free disk space
----------------------------------------
-- Overlap store indexer finished.
-- Checking store.
----------------------------------------
-- Starting command on Sun Apr 23 05:59:26 2023 with 2043606.086 GB free disk space

    cd unitigging
    /sw/bioinfo/canu/2.2/rackham/bin/ovStoreDump \
     -S ../pacbioassembly_scaffold11.seqStore \
     -O  ./pacbioassembly_scaffold11.ovlStore \
     -counts \
     > ./pacbioassembly_scaffold11.ovlStore/counts.dat 2> ./pacbioassembly_scaffold11.ovlStore/counts.err

-- Finished on Sun Apr 23 05:59:27 2023 (one second) with 2043606.086 GB free disk space
----------------------------------------
--
-- Overlap store 'unitigging/pacbioassembly_scaffold11.ovlStore' successfully constructed.
-- Found 25394044 overlaps for 91682 reads; 153768 reads have no overlaps.
--
--
-- Purged 0.225 GB in 30 overlap output files.
----------------------------------------
-- Starting command on Sun Apr 23 05:59:27 2023 with 2043606.086 GB free disk space

    cd unitigging
    /sw/bioinfo/canu/2.2/rackham/bin/ovStoreStats \
     -C 32.96 \
     -S ../pacbioassembly_scaffold11.seqStore \
     -O  ./pacbioassembly_scaffold11.ovlStore \
     -o  ./pacbioassembly_scaffold11.ovlStore \
     > ./pacbioassembly_scaffold11.ovlStore.summary.err 2>&1

-- Finished on Sun Apr 23 05:59:32 2023 (5 seconds) with 2043604.191 GB free disk space
----------------------------------------
--
-- Overlap store 'unitigging/pacbioassembly_scaffold11.ovlStore' contains:
--
--   category            reads     %          read length        feature size or coverage  analysis
--   ----------------  -------  -------  ----------------------  ------------------------  --------------------
--   middle-missing         56    0.06     8667.64 +- 4248.68        660.91 +- 727.40     (bad trimming)
--   middle-hump           278    0.30     5993.62 +- 3011.85        247.92 +- 536.76     (bad trimming)
--   no-5-prime           1153    1.26     7336.89 +- 3600.85        197.89 +- 434.70     (bad trimming)
--   no-3-prime            564    0.61     7817.46 +- 3776.00        198.88 +- 422.34     (bad trimming)
--   
--   low-coverage         4837    5.27     5188.11 +- 2531.21          5.70 +- 2.23       (easy to assemble, potential for lower quality consensus)
--   unique              53604   58.44     8496.95 +- 3294.50         26.94 +- 7.46       (easy to assemble, perfect, yay)
--   repeat-cont         12951   14.12     9153.98 +- 3886.84       1076.65 +- 859.42     (potential for consensus errors, no impact on assembly)
--   repeat-dove            17    0.02    21099.65 +- 3304.48        364.60 +- 353.04     (hard to assemble, likely won't assemble correctly or even at all)
--   
--   span-repeat          5671    6.18     9505.12 +- 3764.59       3087.33 +- 2861.67    (read spans a large repeat, usually easy to assemble)
--   uniq-repeat-cont    10147   11.06     8461.17 +- 3688.61                             (should be uniquely placed, low potential for consensus errors, no impact on assembly)
--   uniq-repeat-dove     2363    2.58    12303.29 +- 4212.51                             (will end contigs, potential to misassemble)
--   uniq-anchor            41    0.04     8281.98 +- 2698.11       2417.46 +- 1815.70    (repeat read, with unique section, probable bad read)
-- Finished stage 'utg-createOverlapStore', reset canuIteration.
--
-- Loading read lengths.
-- Loading number of overlaps per read.
--
-- Configure RED for 16gb memory.
--                   Batches of at most (unlimited) reads.
--                                      500000000 bases.
--                   Expecting evidence of at most 536870912 bases per iteration.
--
--           Total                                               Reads                 Olaps Evidence
--    Job   Memory      Read Range         Reads        Bases   Memory        Olaps   Memory   Memory  (Memory in MB)
--   ---- -------- ------------------- --------- ------------ -------- ------------ -------- --------
--      1 16384.12         1-35416         13202    108963339 13301.60       918881    10.52  1024.00
--      2 16384.19     35417-73815         11898    107292945 13097.66     18745696   214.53  1024.00
--      3 16384.34     73816-106631        13304    109000223 13306.11       544623     6.23  1024.00
--      4 16385.93    106632-138782        12995    108985430 13304.29       841849     9.63  1024.00
--      5 16384.36    138783-175825        13449    108949090 13299.87      1090971    12.49  1024.00
--      6 16384.20    175826-207234        12954    108965854 13301.90       899508    10.29  1024.00
--      7 16384.80    207235-238950        12789    108969629 13302.36       912486    10.44  1024.00
--      8  6541.30    238951-245450         2727     28284833  3452.82      1440030    16.48  1024.00
--   ---- -------- ------------------- --------- ------------ -------- ------------ -------- --------
--                                                  789411343              25394044
-- Finished stage 'readErrorDetectionConfigure', reset canuIteration.
--
-- Running jobs.  First attempt out of 2.
----------------------------------------
-- Starting 'red' concurrent execution on Sun Apr 23 05:59:34 2023 with 2043604.404 GB free disk space (8 processes; 5 concurrently)

    cd unitigging/3-overlapErrorAdjustment
    ./red.sh 1 > ./red.000001.out 2>&1
    ./red.sh 2 > ./red.000002.out 2>&1
    ./red.sh 3 > ./red.000003.out 2>&1
    ./red.sh 4 > ./red.000004.out 2>&1
    ./red.sh 5 > ./red.000005.out 2>&1
    ./red.sh 6 > ./red.000006.out 2>&1
    ./red.sh 7 > ./red.000007.out 2>&1
    ./red.sh 8 > ./red.000008.out 2>&1

-- Finished on Sun Apr 23 06:37:26 2023 (2272 seconds) with 2043128.96 GB free disk space
----------------------------------------
-- Found 8 read error detection output files.
-- Finished stage 'readErrorDetectionCheck', reset canuIteration.
--
-- Loading read lengths.
-- Loading number of overlaps per read.
--
-- Configure OEA for 8gb memory.
--                   Batches of at most (unlimited) reads.
--                                      300000000 bases.
--
--           Total                                               Reads                 Olaps  Adjusts
--    Job   Memory      Read Range         Reads        Bases   Memory        Olaps   Memory   Memory  (Memory in MB)
--   ---- -------- ------------------- --------- ------------ -------- ------------ -------- --------
--      1  3339.68         1-98992         35352    300011712   295.19     20095699   613.27   383.22
--      2  2804.93     98993-191439        36152    300003399   295.21      2572260    78.50   383.22
--      3  2703.70    191440-245450        21814    189396232   189.29      2726085    83.19   383.22
--   ---- -------- ------------------- --------- ------------ -------- ------------ -------- --------
--                                                  789411343              25394044
-- Finished stage 'overlapErrorAdjustmentConfigure', reset canuIteration.
--
-- Running jobs.  First attempt out of 2.
----------------------------------------
-- Starting 'oea' concurrent execution on Sun Apr 23 06:37:30 2023 with 2043128.199 GB free disk space (3 processes; 10 concurrently)

    cd unitigging/3-overlapErrorAdjustment
    ./oea.sh 1 > ./oea.000001.out 2>&1
    ./oea.sh 2 > ./oea.000002.out 2>&1
    ./oea.sh 3 > ./oea.000003.out 2>&1

-- Finished on Sun Apr 23 07:20:48 2023 (2598 seconds) with 2042786.016 GB free disk space
----------------------------------------
-- Found 3 overlap error adjustment output files.
-- Finished stage 'overlapErrorAdjustmentCheck', reset canuIteration.
----------------------------------------
-- Starting command on Sun Apr 23 07:20:48 2023 with 2042786.016 GB free disk space

    cd unitigging/3-overlapErrorAdjustment
    /sw/bioinfo/canu/2.2/rackham/bin/loadErates \
      -S ../../pacbioassembly_scaffold11.seqStore \
      -O ../pacbioassembly_scaffold11.ovlStore \
      -L ./oea.files \
    > ./oea.apply.err 2>&1

-- Finished on Sun Apr 23 07:20:48 2023 (in the blink of an eye) with 2042786.016 GB free disk space
----------------------------------------
-- No report available.
-- Finished stage 'updateOverlapStore', reset canuIteration.
-- Finished stage 'unitig', reset canuIteration.
--
-- Running jobs.  First attempt out of 2.
----------------------------------------
-- Starting 'bat' concurrent execution on Sun Apr 23 07:20:48 2023 with 2042786.016 GB free disk space (1 processes; 1 concurrently)

    cd unitigging/4-unitigger
    ./unitigger.sh 1 > ./unitigger.000001.out 2>&1

-- Finished on Sun Apr 23 07:21:11 2023 (23 seconds) with 2042785.846 GB free disk space
----------------------------------------
-- Unitigger finished successfully.
--  
--  ERROR RATES
--  -----------
--                                                   --------threshold------
--  101489                       fraction error      fraction        percent
--  samples                              (1e-5)         error          error
--                   --------------------------      --------       --------
--  command line (-eg)                           ->   4500.00        4.5000%
--  command line (-ef)                           ->  -----.--      ---.----%
--  command line (-eM)                           ->   4500.00        4.5000%
--  mean + std.dev     362.83 +-  12 *   452.59  ->   5793.95        5.7939%
--  median + mad       229.00 +-  12 *   164.00  ->   3146.76        3.1468%  (enabled)
--  90th percentile                              ->    818.00        0.8180%
--  
--  BEST EDGE FILTERING
--  -------------------
--  At graph threshold 4.5000%, reads:
--    available to have edges:        12058
--    with at least one edge:         11666
--  
--  At max threshold 4.5000%, reads:  (not computed)
--    available to have edges:            0
--    with at least one edge:             0
--  
--  At tight threshold 3.1468%, reads with:
--    both edges below error threshold:     11408  (80.00% minReadsBest threshold = 9332)
--    one  edge  above error threshold:       250
--    both edges above error threshold:         8
--    at least one edge:                    11666
--  
--  At loose threshold 4.5000%, reads with:
--    both edges below error threshold:     11666  (80.00% minReadsBest threshold = 9332)
--    one  edge  above error threshold:         0
--    both edges above error threshold:         0
--    at least one edge:                    11666
--  
--  
--  INITIAL EDGES
--  -------- ----------------------------------------
--     76400 reads are contained
--    157240 reads have no best edges (singleton)
--      1851 reads have only one best edge (spur) 
--               1793 are mutual best
--      9959 reads have two best edges 
--                599 have one mutual best edge
--               9302 have two mutual best edges
--  
--  
--  FINAL EDGES
--  -------- ----------------------------------------
--     76400 reads are contained
--    157368 reads have no best edges (singleton)
--      1924 reads have only one best edge (spur) 
--               1882 are mutual best
--      9758 reads have two best edges 
--                446 have one mutual best edge
--               9263 have two mutual best edges
--  
--  
--  EDGE FILTERING
--  -------- ------------------------------------------
--         0 reads are ignored
--      3100 reads have a gap in overlap coverage
--        64 reads have lopsided best edges
-- Found, in version 1, after unitig construction:
--   contigs:      665 sequences, total length 31128617 bp (including 32 repeats of total length 540210 bp).
--   bubbles:      85 sequences, total length 1632810 bp.
--   unassembled:  6855 sequences, total length 44258790 bp.
--
-- Contig sizes based on genome size 23.775123mbp:
--
--            NG (bp)  LG (contigs)    sum (bp)
--         ----------  ------------  ----------
--     10     2006685             2     4155768
--     20     1440144             3     5595912
--     30      889889             5     7819558
--     40      662193             8     9859115
--     50      435563            12    11888120
--     60      284299            20    14433812
--     70      213655            30    16828082
--     80      121268            44    19091711
--     90       71507            70    21402138
--    100       31191           127    23791923
--    110       19173           228    26169868
--    120       12781           377    28533619
--    130        6486           615    30909186
--
-- Finished stage 'unitigCheck', reset canuIteration.
----------------------------------------
-- Starting command on Sun Apr 23 07:21:11 2023 with 2042785.846 GB free disk space

    cd unitigging
    /sw/bioinfo/canu/2.2/rackham/bin/utgcns \
      -S ../pacbioassembly_scaffold11.seqStore \
      -T  ./pacbioassembly_scaffold11.ctgStore 1 \
      -partition 0.8 1 0.1 \
    > ./pacbioassembly_scaffold11.ctgStore/partitioning.log 2>&1

-- Finished on Sun Apr 23 07:21:21 2023 (10 seconds) with 2042786.346 GB free disk space
----------------------------------------
-- Using slow alignment for consensus (iteration '0').
-- Configured 7 consensus jobs.
-- Finished stage 'consensusConfigure', reset canuIteration.
--
-- Local: cns        2.500 GB    4 CPUs x   2 jobs     5.000 GB   8 CPUs  (consensus)
--
--
-- Running jobs.  First attempt out of 2.
----------------------------------------
-- Starting 'cns' concurrent execution on Sun Apr 23 07:21:22 2023 with 2042786.346 GB free disk space (7 processes; 2 concurrently)

    cd unitigging/5-consensus
    ./consensus.sh 1 > ./consensus.000001.out 2>&1
    ./consensus.sh 2 > ./consensus.000002.out 2>&1
    ./consensus.sh 3 > ./consensus.000003.out 2>&1
    ./consensus.sh 4 > ./consensus.000004.out 2>&1
    ./consensus.sh 5 > ./consensus.000005.out 2>&1
    ./consensus.sh 6 > ./consensus.000006.out 2>&1
    ./consensus.sh 7 > ./consensus.000007.out 2>&1

-- Finished on Sun Apr 23 07:27:03 2023 (341 seconds) with 2043475.058 GB free disk space
----------------------------------------
-- Using slow alignment for consensus (iteration '1').
-- Configured 7 consensus jobs.
-- All 7 consensus jobs finished successfully.
-- Finished stage 'consensusCheck', reset canuIteration.
-- Using slow alignment for consensus (iteration '0').
-- Configured 7 consensus jobs.
----------------------------------------
-- Starting command on Sun Apr 23 07:27:03 2023 with 2043475.058 GB free disk space

    cd unitigging
    /sw/bioinfo/canu/2.2/rackham/bin/tgStoreLoad \
      -S ../pacbioassembly_scaffold11.seqStore \
      -T  ./pacbioassembly_scaffold11.ctgStore 2 \
      -L ./5-consensus/ctgcns.files \
    > ./5-consensus/ctgcns.files.ctgStoreLoad.err 2>&1

-- Finished on Sun Apr 23 07:27:12 2023 (9 seconds) with 2043485.665 GB free disk space
----------------------------------------
-- Purging consensus output after loading to ctgStore.
-- Purged 7 .cns outputs.
----------------------------------------
-- Starting command on Sun Apr 23 07:27:12 2023 with 2043485.665 GB free disk space

    cd unitigging
    /sw/bioinfo/canu/2.2/rackham/bin/tgStoreDump \
      -S ../pacbioassembly_scaffold11.seqStore \
      -T ./pacbioassembly_scaffold11.ctgStore 2 \
      -sizes -s 23775123 \
    > ./pacbioassembly_scaffold11.ctgStore/seqDB.v002.sizes.txt

-- Finished on Sun Apr 23 07:27:22 2023 (10 seconds) with 2043490.137 GB free disk space
----------------------------------------
-- Found, in version 2, after consensus generation:
--   contigs:      665 sequences, total length 31037444 bp (including 32 repeats of total length 538729 bp).
--   bubbles:      85 sequences, total length 1629503 bp.
--   unassembled:  6855 sequences, total length 44258754 bp.
--
-- Contig sizes based on genome size 23.775123mbp:
--
--            NG (bp)  LG (contigs)    sum (bp)
--         ----------  ------------  ----------
--     10     2001740             2     4145712
--     20     1436417             3     5582129
--     30      887708             5     7800210
--     40      660239             8     9835118
--     50      356189            13    12215295
--     60      283800            20    14398159
--     70      213214            30    16786546
--     80      121130            44    19044149
--     90       70979            71    21420532
--    100       30286           129    23793487
--    110       19064           231    26157113
--    120       12532           383    28532730
--    130        5637           630    30913290
--
-- Finished stage 'consensusLoad', reset canuIteration.
----------------------------------------
-- Starting command on Sun Apr 23 07:27:22 2023 with 2043490.137 GB free disk space

    cd .
    /sw/bioinfo/canu/2.2/rackham/bin/tgStoreDump \
      -S ./pacbioassembly_scaffold11.seqStore \
      -T ./unitigging/pacbioassembly_scaffold11.ctgStore 2 \
      -o ./pacbioassembly_scaffold11.contigs \
      -layout \
    > ./pacbioassembly_scaffold11.contigs.layout.err 2>&1

-- Finished on Sun Apr 23 07:27:31 2023 (9 seconds) with 2043504.584 GB free disk space
----------------------------------------
----------------------------------------
-- Starting command on Sun Apr 23 07:27:31 2023 with 2043504.584 GB free disk space

    cd .
    /sw/bioinfo/canu/2.2/rackham/bin/tgStoreDump \
      -S ./pacbioassembly_scaffold11.seqStore \
      -T ./unitigging/pacbioassembly_scaffold11.ctgStore 2 \
      -consensus -fasta \
      -unassembled \
    > ./pacbioassembly_scaffold11.unassembled.fasta
    2> ./pacbioassembly_scaffold11.unassembled.err

-- Finished on Sun Apr 23 07:27:41 2023 (10 seconds) with 2043504.256 GB free disk space
----------------------------------------
----------------------------------------
-- Starting command on Sun Apr 23 07:27:41 2023 with 2043504.256 GB free disk space

    cd .
    /sw/bioinfo/canu/2.2/rackham/bin/tgStoreDump \
      -S ./pacbioassembly_scaffold11.seqStore \
      -T ./unitigging/pacbioassembly_scaffold11.ctgStore 2 \
      -consensus -fasta \
      -contigs \
    > ./pacbioassembly_scaffold11.contigs.fasta
    2> ./pacbioassembly_scaffold11.contigs.err

-- Finished on Sun Apr 23 07:27:50 2023 (9 seconds) with 2043503.421 GB free disk space
----------------------------------------
-- Finished stage 'generateOutputs', reset canuIteration.
--
-- Assembly 'pacbioassembly_scaffold11' finished in '/crex/proj/genomeanalysis2023/nobackup/work/jusu_canu/scaffold11'.
--
-- Summary saved in 'pacbioassembly_scaffold11.report'.
--
-- Sequences saved:
--   Contigs       -> 'pacbioassembly_scaffold11.contigs.fasta'
--   Unassembled   -> 'pacbioassembly_scaffold11.unassembled.fasta'
--
-- Read layouts saved:
--   Contigs       -> 'pacbioassembly_scaffold11.contigs.layout'.
--
-- Bye.
