Started analysis of RNA_sc06.paired.forward.trimmed.fastq.gz
Started analysis of RNA_sc06.paired.reverse.trimmed.fastq.gz
Started analysis of RNA_sc06.unpaired.forward.trimmed.fastq.gz
Analysis complete for RNA_sc06.unpaired.forward.trimmed.fastq.gz
Started analysis of RNA_sc06.unpaired.reverse.trimmed.fastq.gz
Analysis complete for RNA_sc06.unpaired.reverse.trimmed.fastq.gz
Started analysis of RNA_sc10.paired.forward.trimmed.fastq.gz
Approx 5% complete for RNA_sc06.paired.forward.trimmed.fastq.gz
Started analysis of RNA_sc10.paired.reverse.trimmed.fastq.gz
Approx 5% complete for RNA_sc06.paired.reverse.trimmed.fastq.gz
Started analysis of RNA_sc10.unpaired.forward.trimmed.fastq.gz
Analysis complete for RNA_sc10.unpaired.forward.trimmed.fastq.gz
Started analysis of RNA_sc10.unpaired.reverse.trimmed.fastq.gz
Analysis complete for RNA_sc10.unpaired.reverse.trimmed.fastq.gz
Approx 10% complete for RNA_sc06.paired.forward.trimmed.fastq.gz
Started analysis of RNA_sc11.paired.forward.trimmed.fastq.gz
Approx 10% complete for RNA_sc06.paired.reverse.trimmed.fastq.gz
Started analysis of RNA_sc11.paired.reverse.trimmed.fastq.gz
Started analysis of RNA_sc11.unpaired.forward.trimmed.fastq.gz
Analysis complete for RNA_sc11.unpaired.forward.trimmed.fastq.gz
Approx 5% complete for RNA_sc11.paired.forward.trimmed.fastq.gz
Approx 15% complete for RNA_sc06.paired.forward.trimmed.fastq.gz
Approx 5% complete for RNA_sc11.paired.reverse.trimmed.fastq.gz
Started analysis of RNA_sc11.unpaired.reverse.trimmed.fastq.gz
Analysis complete for RNA_sc11.unpaired.reverse.trimmed.fastq.gz
Approx 15% complete for RNA_sc06.paired.reverse.trimmed.fastq.gz
Approx 10% complete for RNA_sc11.paired.forward.trimmed.fastq.gz
Approx 10% complete for RNA_sc11.paired.reverse.trimmed.fastq.gz
Approx 15% complete for RNA_sc11.paired.forward.trimmed.fastq.gz
Approx 20% complete for RNA_sc06.paired.forward.trimmed.fastq.gz
Approx 15% complete for RNA_sc11.paired.reverse.trimmed.fastq.gz
Approx 20% complete for RNA_sc06.paired.reverse.trimmed.fastq.gz
Approx 20% complete for RNA_sc11.paired.forward.trimmed.fastq.gz
Approx 20% complete for RNA_sc11.paired.reverse.trimmed.fastq.gz
Approx 25% complete for RNA_sc11.paired.forward.trimmed.fastq.gz
Approx 25% complete for RNA_sc06.paired.forward.trimmed.fastq.gz
Approx 25% complete for RNA_sc06.paired.reverse.trimmed.fastq.gz
Approx 25% complete for RNA_sc11.paired.reverse.trimmed.fastq.gz
Approx 5% complete for RNA_sc10.paired.forward.trimmed.fastq.gz
Approx 30% complete for RNA_sc11.paired.forward.trimmed.fastq.gz
Approx 5% complete for RNA_sc10.paired.reverse.trimmed.fastq.gz
Approx 30% complete for RNA_sc11.paired.reverse.trimmed.fastq.gz
Approx 35% complete for RNA_sc11.paired.forward.trimmed.fastq.gz
Approx 30% complete for RNA_sc06.paired.forward.trimmed.fastq.gz
Approx 30% complete for RNA_sc06.paired.reverse.trimmed.fastq.gz
Approx 35% complete for RNA_sc11.paired.reverse.trimmed.fastq.gz
Approx 40% complete for RNA_sc11.paired.forward.trimmed.fastq.gz
Approx 40% complete for RNA_sc11.paired.reverse.trimmed.fastq.gz
Approx 45% complete for RNA_sc11.paired.forward.trimmed.fastq.gz
Approx 35% complete for RNA_sc06.paired.forward.trimmed.fastq.gz
Approx 35% complete for RNA_sc06.paired.reverse.trimmed.fastq.gz
Approx 45% complete for RNA_sc11.paired.reverse.trimmed.fastq.gz
Approx 50% complete for RNA_sc11.paired.forward.trimmed.fastq.gz
Approx 55% complete for RNA_sc11.paired.forward.trimmed.fastq.gz
Approx 50% complete for RNA_sc11.paired.reverse.trimmed.fastq.gz
Approx 40% complete for RNA_sc06.paired.forward.trimmed.fastq.gz
Approx 40% complete for RNA_sc06.paired.reverse.trimmed.fastq.gz
Approx 60% complete for RNA_sc11.paired.forward.trimmed.fastq.gz
Approx 55% complete for RNA_sc11.paired.reverse.trimmed.fastq.gz
Approx 65% complete for RNA_sc11.paired.forward.trimmed.fastq.gz
Approx 45% complete for RNA_sc06.paired.reverse.trimmed.fastq.gz
Approx 60% complete for RNA_sc11.paired.reverse.trimmed.fastq.gz
Approx 45% complete for RNA_sc06.paired.forward.trimmed.fastq.gz
Approx 10% complete for RNA_sc10.paired.reverse.trimmed.fastq.gz
Approx 10% complete for RNA_sc10.paired.forward.trimmed.fastq.gz
Approx 70% complete for RNA_sc11.paired.forward.trimmed.fastq.gz
Approx 65% complete for RNA_sc11.paired.reverse.trimmed.fastq.gz
Approx 50% complete for RNA_sc06.paired.reverse.trimmed.fastq.gz
Approx 75% complete for RNA_sc11.paired.forward.trimmed.fastq.gz
Approx 50% complete for RNA_sc06.paired.forward.trimmed.fastq.gz
Approx 70% complete for RNA_sc11.paired.reverse.trimmed.fastq.gz
Approx 80% complete for RNA_sc11.paired.forward.trimmed.fastq.gz
Approx 75% complete for RNA_sc11.paired.reverse.trimmed.fastq.gz
Approx 55% complete for RNA_sc06.paired.reverse.trimmed.fastq.gz
Approx 55% complete for RNA_sc06.paired.forward.trimmed.fastq.gz
Approx 85% complete for RNA_sc11.paired.forward.trimmed.fastq.gz
Approx 80% complete for RNA_sc11.paired.reverse.trimmed.fastq.gz
Approx 90% complete for RNA_sc11.paired.forward.trimmed.fastq.gz
Approx 85% complete for RNA_sc11.paired.reverse.trimmed.fastq.gz
Approx 60% complete for RNA_sc06.paired.reverse.trimmed.fastq.gz
Approx 60% complete for RNA_sc06.paired.forward.trimmed.fastq.gz
Approx 95% complete for RNA_sc11.paired.forward.trimmed.fastq.gz
Approx 90% complete for RNA_sc11.paired.reverse.trimmed.fastq.gz
Analysis complete for RNA_sc11.paired.forward.trimmed.fastq.gz
Approx 95% complete for RNA_sc11.paired.reverse.trimmed.fastq.gz
Approx 65% complete for RNA_sc06.paired.reverse.trimmed.fastq.gz
Approx 65% complete for RNA_sc06.paired.forward.trimmed.fastq.gz
Approx 15% complete for RNA_sc10.paired.reverse.trimmed.fastq.gz
Analysis complete for RNA_sc11.paired.reverse.trimmed.fastq.gz
Approx 15% complete for RNA_sc10.paired.forward.trimmed.fastq.gz
Approx 70% complete for RNA_sc06.paired.reverse.trimmed.fastq.gz
Approx 70% complete for RNA_sc06.paired.forward.trimmed.fastq.gz
Approx 75% complete for RNA_sc06.paired.reverse.trimmed.fastq.gz
Approx 75% complete for RNA_sc06.paired.forward.trimmed.fastq.gz
Approx 80% complete for RNA_sc06.paired.reverse.trimmed.fastq.gz
Approx 80% complete for RNA_sc06.paired.forward.trimmed.fastq.gz
Approx 85% complete for RNA_sc06.paired.reverse.trimmed.fastq.gz
Approx 85% complete for RNA_sc06.paired.forward.trimmed.fastq.gz
Approx 20% complete for RNA_sc10.paired.reverse.trimmed.fastq.gz
Approx 20% complete for RNA_sc10.paired.forward.trimmed.fastq.gz
Approx 90% complete for RNA_sc06.paired.reverse.trimmed.fastq.gz
Approx 90% complete for RNA_sc06.paired.forward.trimmed.fastq.gz
Approx 95% complete for RNA_sc06.paired.reverse.trimmed.fastq.gz
Approx 95% complete for RNA_sc06.paired.forward.trimmed.fastq.gz
Analysis complete for RNA_sc06.paired.reverse.trimmed.fastq.gz
Analysis complete for RNA_sc06.paired.forward.trimmed.fastq.gz
Approx 25% complete for RNA_sc10.paired.reverse.trimmed.fastq.gz
Approx 25% complete for RNA_sc10.paired.forward.trimmed.fastq.gz
Approx 30% complete for RNA_sc10.paired.reverse.trimmed.fastq.gz
Approx 30% complete for RNA_sc10.paired.forward.trimmed.fastq.gz
Approx 35% complete for RNA_sc10.paired.reverse.trimmed.fastq.gz
Approx 35% complete for RNA_sc10.paired.forward.trimmed.fastq.gz
Approx 40% complete for RNA_sc10.paired.reverse.trimmed.fastq.gz
Approx 40% complete for RNA_sc10.paired.forward.trimmed.fastq.gz
Approx 45% complete for RNA_sc10.paired.reverse.trimmed.fastq.gz
Approx 45% complete for RNA_sc10.paired.forward.trimmed.fastq.gz
Approx 50% complete for RNA_sc10.paired.reverse.trimmed.fastq.gz
Approx 50% complete for RNA_sc10.paired.forward.trimmed.fastq.gz
Approx 55% complete for RNA_sc10.paired.reverse.trimmed.fastq.gz
Approx 55% complete for RNA_sc10.paired.forward.trimmed.fastq.gz
Approx 60% complete for RNA_sc10.paired.reverse.trimmed.fastq.gz
Approx 60% complete for RNA_sc10.paired.forward.trimmed.fastq.gz
Approx 65% complete for RNA_sc10.paired.reverse.trimmed.fastq.gz
Approx 65% complete for RNA_sc10.paired.forward.trimmed.fastq.gz
Approx 70% complete for RNA_sc10.paired.reverse.trimmed.fastq.gz
Approx 70% complete for RNA_sc10.paired.forward.trimmed.fastq.gz
Approx 75% complete for RNA_sc10.paired.reverse.trimmed.fastq.gz
Approx 75% complete for RNA_sc10.paired.forward.trimmed.fastq.gz
Approx 80% complete for RNA_sc10.paired.reverse.trimmed.fastq.gz
Approx 80% complete for RNA_sc10.paired.forward.trimmed.fastq.gz
Approx 85% complete for RNA_sc10.paired.reverse.trimmed.fastq.gz
Approx 85% complete for RNA_sc10.paired.forward.trimmed.fastq.gz
Approx 90% complete for RNA_sc10.paired.reverse.trimmed.fastq.gz
Approx 90% complete for RNA_sc10.paired.forward.trimmed.fastq.gz
Approx 95% complete for RNA_sc10.paired.reverse.trimmed.fastq.gz
Approx 95% complete for RNA_sc10.paired.forward.trimmed.fastq.gz
Analysis complete for RNA_sc10.paired.reverse.trimmed.fastq.gz
Analysis complete for RNA_sc10.paired.forward.trimmed.fastq.gz
