	STAR --runThreadN 10 --runMode genomeGenerate --genomeDir /proj/genomeanalysis2023/nobackup/work/jusu/jusu_STAR/genomeindex/sc06 --genomeFastaFiles assembly_corrected_scaffold06.fasta.masked --genomeSAindexNbases 8
	STAR version: 2.7.9a   compiled: 2021-10-20T18:01:41+0200 rackham5.uppmax.uu.se:/sw/bioinfo/star/2.7.9a/src/STAR-2.7.9a/source
May 03 17:21:52 ..... started STAR run
May 03 17:21:52 ... starting to generate Genome files
May 03 17:21:54 ... starting to sort Suffix Array. This may take a long time...
May 03 17:21:54 ... sorting Suffix Array chunks and saving them to disk...
May 03 17:22:00 ... loading chunks from disk, packing SA...
May 03 17:22:01 ... finished generating suffix array
May 03 17:22:01 ... generating Suffix Array index
May 03 17:22:01 ... completed Suffix Array index
May 03 17:22:01 ... writing Genome to disk ...
May 03 17:22:01 ... writing Suffix Array to disk ...
May 03 17:22:02 ... writing SAindex to disk
May 03 17:22:02 ..... finished successfully
	STAR --runThreadN 10 --runMode genomeGenerate --genomeDir /proj/genomeanalysis2023/nobackup/work/jusu/jusu_STAR/genomeindex/sc10 --genomeFastaFiles assembly_corrected_scaffold10.fasta.masked --genomeSAindexNbases 8
	STAR version: 2.7.9a   compiled: 2021-10-20T18:01:41+0200 rackham5.uppmax.uu.se:/sw/bioinfo/star/2.7.9a/src/STAR-2.7.9a/source
May 03 17:22:02 ..... started STAR run
May 03 17:22:02 ... starting to generate Genome files
May 03 17:22:03 ... starting to sort Suffix Array. This may take a long time...
May 03 17:22:04 ... sorting Suffix Array chunks and saving them to disk...
May 03 17:22:08 ... loading chunks from disk, packing SA...
May 03 17:22:09 ... finished generating suffix array
May 03 17:22:09 ... generating Suffix Array index
May 03 17:22:09 ... completed Suffix Array index
May 03 17:22:09 ... writing Genome to disk ...
May 03 17:22:09 ... writing Suffix Array to disk ...
May 03 17:22:10 ... writing SAindex to disk
May 03 17:22:10 ..... finished successfully
	STAR --runThreadN 10 --runMode genomeGenerate --genomeDir /proj/genomeanalysis2023/nobackup/work/jusu/jusu_STAR/genomeindex/sc11 --genomeFastaFiles assembly_corrected_scaffold11.fasta.masked --genomeSAindexNbases 8
	STAR version: 2.7.9a   compiled: 2021-10-20T18:01:41+0200 rackham5.uppmax.uu.se:/sw/bioinfo/star/2.7.9a/src/STAR-2.7.9a/source
May 03 17:22:10 ..... started STAR run
May 03 17:22:10 ... starting to generate Genome files
May 03 17:22:11 ... starting to sort Suffix Array. This may take a long time...
May 03 17:22:12 ... sorting Suffix Array chunks and saving them to disk...
May 03 17:22:16 ... loading chunks from disk, packing SA...
May 03 17:22:17 ... finished generating suffix array
May 03 17:22:17 ... generating Suffix Array index
May 03 17:22:18 ... completed Suffix Array index
May 03 17:22:18 ... writing Genome to disk ...
May 03 17:22:18 ... writing Suffix Array to disk ...
May 03 17:22:18 ... writing SAindex to disk
May 03 17:22:18 ..... finished successfully
