	STAR --runThreadN 10 --runMode genomeGenerate --genomeDir /proj/genomeanalysis2023/nobackup/work/jusu/jusu_STAR/genomeindex/sc06 --genomeFastaFiles assembly_corrected_scaffold06.fasta.masked --genomeSAindexNbases 11
	STAR version: 2.7.9a   compiled: 2021-10-20T18:01:41+0200 rackham5.uppmax.uu.se:/sw/bioinfo/star/2.7.9a/src/STAR-2.7.9a/source
May 11 13:40:30 ..... started STAR run
May 11 13:40:30 ... starting to generate Genome files
May 11 13:40:37 ... starting to sort Suffix Array. This may take a long time...
May 11 13:40:38 ... sorting Suffix Array chunks and saving them to disk...
May 11 13:40:43 ... loading chunks from disk, packing SA...
May 11 13:40:44 ... finished generating suffix array
May 11 13:40:44 ... generating Suffix Array index
May 11 13:40:47 ... completed Suffix Array index
May 11 13:40:47 ... writing Genome to disk ...
May 11 13:40:47 ... writing Suffix Array to disk ...
May 11 13:40:48 ... writing SAindex to disk
May 11 13:40:48 ..... finished successfully
	STAR --runThreadN 10 --runMode genomeGenerate --genomeDir /proj/genomeanalysis2023/nobackup/work/jusu/jusu_STAR/genomeindex/sc10 --genomeFastaFiles assembly_corrected_scaffold10.fasta.masked --genomeSAindexNbases 11
	STAR version: 2.7.9a   compiled: 2021-10-20T18:01:41+0200 rackham5.uppmax.uu.se:/sw/bioinfo/star/2.7.9a/src/STAR-2.7.9a/source
May 11 13:40:48 ..... started STAR run
May 11 13:40:48 ... starting to generate Genome files
May 11 13:40:53 ... starting to sort Suffix Array. This may take a long time...
May 11 13:40:53 ... sorting Suffix Array chunks and saving them to disk...
May 11 13:40:57 ... loading chunks from disk, packing SA...
May 11 13:40:58 ... finished generating suffix array
May 11 13:40:58 ... generating Suffix Array index
May 11 13:41:00 ... completed Suffix Array index
May 11 13:41:00 ... writing Genome to disk ...
May 11 13:41:00 ... writing Suffix Array to disk ...
May 11 13:41:00 ... writing SAindex to disk
May 11 13:41:00 ..... finished successfully
	STAR --runThreadN 10 --runMode genomeGenerate --genomeDir /proj/genomeanalysis2023/nobackup/work/jusu/jusu_STAR/genomeindex/sc11 --genomeFastaFiles assembly_corrected_scaffold11.fasta.masked --genomeSAindexNbases 11
	STAR version: 2.7.9a   compiled: 2021-10-20T18:01:41+0200 rackham5.uppmax.uu.se:/sw/bioinfo/star/2.7.9a/src/STAR-2.7.9a/source
May 11 13:41:00 ..... started STAR run
May 11 13:41:00 ... starting to generate Genome files
May 11 13:41:05 ... starting to sort Suffix Array. This may take a long time...
May 11 13:41:06 ... sorting Suffix Array chunks and saving them to disk...
May 11 13:41:10 ... loading chunks from disk, packing SA...
May 11 13:41:12 ... finished generating suffix array
May 11 13:41:12 ... generating Suffix Array index
May 11 13:41:14 ... completed Suffix Array index
May 11 13:41:14 ... writing Genome to disk ...
May 11 13:41:14 ... writing Suffix Array to disk ...
May 11 13:41:14 ... writing SAindex to disk
May 11 13:41:14 ..... finished successfully
