	STAR --genomeDir /proj/genomeanalysis2023/nobackup/work/jusu/jusu_STAR/genomeindex/sc06 --runThreadN 10 --readFilesIn SRR6040092_scaffold_06.1.fastq.gz SRR6040092_scaffold_06.2.fastq.gz --outFileNamePrefix /proj/genomeanalysis2023/nobackup/work/jusu/jusu_STAR/align/sc06/SRR.92/SRR_92_sc06_aligned--outSAMtype BAM SortedByCoordinate --outSAMunmapped Within --outSAMattributes Standard --readFilesCommand zcat
	STAR version: 2.7.9a   compiled: 2021-10-20T18:01:41+0200 rackham5.uppmax.uu.se:/sw/bioinfo/star/2.7.9a/src/STAR-2.7.9a/source
May 11 14:14:59 ..... started STAR run
May 11 14:14:59 ..... loading genome
May 11 14:15:01 ..... started mapping
May 11 14:25:07 ..... finished mapping
May 11 14:25:07 ..... finished successfully
	STAR --genomeDir /proj/genomeanalysis2023/nobackup/work/jusu/jusu_STAR/genomeindex/sc06 --runThreadN 10 --readFilesIn SRR6040093_scaffold_06.1.fastq.gz SRR6040093_scaffold_06.2.fastq.gz --outFileNamePrefix /proj/genomeanalysis2023/nobackup/work/jusu/jusu_STAR/align/sc06/SRR.93/SRR_93_sc06_aligned--outSAMtype BAM SortedByCoordinate --outSAMunmapped Within --outSAMattributes Standard --readFilesCommand zcat
	STAR version: 2.7.9a   compiled: 2021-10-20T18:01:41+0200 rackham5.uppmax.uu.se:/sw/bioinfo/star/2.7.9a/src/STAR-2.7.9a/source
May 11 14:25:08 ..... started STAR run
May 11 14:25:08 ..... loading genome
May 11 14:25:09 ..... started mapping
May 11 14:28:26 ..... finished mapping
May 11 14:28:26 ..... finished successfully
	STAR --genomeDir /proj/genomeanalysis2023/nobackup/work/jusu/jusu_STAR/genomeindex/sc06 --runThreadN 10 --readFilesIn SRR6040094_scaffold_06.1.fastq.gz SRR6040094_scaffold_06.2.fastq.gz --outFileNamePrefix /proj/genomeanalysis2023/nobackup/work/jusu/jusu_STAR/align/sc06/SRR.94/SRR_94_sc06_aligned--outSAMtype BAM SortedByCoordinate --outSAMunmapped Within --outSAMattributes Standard --readFilesCommand zcat
	STAR version: 2.7.9a   compiled: 2021-10-20T18:01:41+0200 rackham5.uppmax.uu.se:/sw/bioinfo/star/2.7.9a/src/STAR-2.7.9a/source
May 11 14:28:27 ..... started STAR run
May 11 14:28:27 ..... loading genome
May 11 14:28:27 ..... started mapping
May 11 14:31:20 ..... finished mapping
May 11 14:31:20 ..... finished successfully
	STAR --genomeDir /proj/genomeanalysis2023/nobackup/work/jusu/jusu_STAR/genomeindex/sc06 --runThreadN 10 --readFilesIn SRR6040095_scaffold_06.1.fastq.gz SRR6040095_scaffold_06.2.fastq.gz --outFileNamePrefix /proj/genomeanalysis2023/nobackup/work/jusu/jusu_STAR/align/sc06/SRR.95/SRR_95_sc06_aligned--outSAMtype BAM SortedByCoordinate --outSAMunmapped Within --outSAMattributes Standard --readFilesCommand zcat
	STAR version: 2.7.9a   compiled: 2021-10-20T18:01:41+0200 rackham5.uppmax.uu.se:/sw/bioinfo/star/2.7.9a/src/STAR-2.7.9a/source
May 11 14:31:21 ..... started STAR run
May 11 14:31:21 ..... loading genome
May 11 14:31:21 ..... started mapping
May 11 14:38:55 ..... finished mapping
May 11 14:38:55 ..... finished successfully
	STAR --genomeDir /proj/genomeanalysis2023/nobackup/work/jusu/jusu_STAR/genomeindex/sc06 --runThreadN 10 --readFilesIn SRR6040096_scaffold_06.1.fastq.gz SRR6040096_scaffold_06.2.fastq.gz --outFileNamePrefix /proj/genomeanalysis2023/nobackup/work/jusu/jusu_STAR/align/sc06/SRR.96/SRR_96_sc06_aligned--outSAMtype BAM SortedByCoordinate --outSAMunmapped Within --outSAMattributes Standard --readFilesCommand zcat
	STAR version: 2.7.9a   compiled: 2021-10-20T18:01:41+0200 rackham5.uppmax.uu.se:/sw/bioinfo/star/2.7.9a/src/STAR-2.7.9a/source
May 11 14:38:55 ..... started STAR run
May 11 14:38:55 ..... loading genome
May 11 14:38:56 ..... started mapping
May 11 14:42:17 ..... finished mapping
May 11 14:42:17 ..... finished successfully
	STAR --genomeDir /proj/genomeanalysis2023/nobackup/work/jusu/jusu_STAR/genomeindex/sc06 --runThreadN 10 --readFilesIn SRR6040097_scaffold_06.1.fastq.gz SRR6040097_scaffold_06.2.fastq.gz --outFileNamePrefix /proj/genomeanalysis2023/nobackup/work/jusu/jusu_STAR/align/sc06/SRR.97/SRR_97_sc06_aligned--outSAMtype BAM SortedByCoordinate --outSAMunmapped Within --outSAMattributes Standard --readFilesCommand zcat
	STAR version: 2.7.9a   compiled: 2021-10-20T18:01:41+0200 rackham5.uppmax.uu.se:/sw/bioinfo/star/2.7.9a/src/STAR-2.7.9a/source
May 11 14:42:17 ..... started STAR run
May 11 14:42:17 ..... loading genome
May 11 14:42:17 ..... started mapping
May 11 14:44:11 ..... finished mapping
May 11 14:44:12 ..... finished successfully
	STAR --genomeDir /proj/genomeanalysis2023/nobackup/work/jusu/jusu_STAR/genomeindex/sc06 --runThreadN 10 --readFilesIn SRR6156066_scaffold_06.1.fastq.gz SRR6156066_scaffold_06.2.fastq.gz --outFileNamePrefix /proj/genomeanalysis2023/nobackup/work/jusu/jusu_STAR/align/sc06/SRR.66/SRR_66_sc06_aligned--outSAMtype BAM SortedByCoordinate --outSAMunmapped Within --outSAMattributes Standard --readFilesCommand zcat
	STAR version: 2.7.9a   compiled: 2021-10-20T18:01:41+0200 rackham5.uppmax.uu.se:/sw/bioinfo/star/2.7.9a/src/STAR-2.7.9a/source
May 11 14:44:12 ..... started STAR run
May 11 14:44:12 ..... loading genome
May 11 14:44:12 ..... started mapping
May 11 14:46:51 ..... finished mapping
May 11 14:46:51 ..... finished successfully
	STAR --genomeDir /proj/genomeanalysis2023/nobackup/work/jusu/jusu_STAR/genomeindex/sc06 --runThreadN 10 --readFilesIn SRR6156067_scaffold_06.1.fastq.gz SRR6156067_scaffold_06.2.fastq.gz --outFileNamePrefix /proj/genomeanalysis2023/nobackup/work/jusu/jusu_STAR/align/sc06/SRR.67/SRR_67_sc06_aligned--outSAMtype BAM SortedByCoordinate --outSAMunmapped Within --outSAMattributes Standard --readFilesCommand zcat
	STAR version: 2.7.9a   compiled: 2021-10-20T18:01:41+0200 rackham5.uppmax.uu.se:/sw/bioinfo/star/2.7.9a/src/STAR-2.7.9a/source
May 11 14:46:51 ..... started STAR run
May 11 14:46:51 ..... loading genome
May 11 14:46:52 ..... started mapping
May 11 14:48:09 ..... finished mapping
May 11 14:48:10 ..... finished successfully
	STAR --genomeDir /proj/genomeanalysis2023/nobackup/work/jusu/jusu_STAR/genomeindex/sc06 --runThreadN 10 --readFilesIn SRR6156069_scaffold_06.1.fastq.gz SRR6156069_scaffold_06.2.fastq.gz --outFileNamePrefix /proj/genomeanalysis2023/nobackup/work/jusu/jusu_STAR/align/sc06/SRR.69/SRR_69_sc06_aligned--outSAMtype BAM SortedByCoordinate --outSAMunmapped Within --outSAMattributes Standard --readFilesCommand zcat
	STAR version: 2.7.9a   compiled: 2021-10-20T18:01:41+0200 rackham5.uppmax.uu.se:/sw/bioinfo/star/2.7.9a/src/STAR-2.7.9a/source
May 11 14:48:10 ..... started STAR run
May 11 14:48:10 ..... loading genome
May 11 14:48:10 ..... started mapping
May 11 14:49:44 ..... finished mapping
May 11 14:49:44 ..... finished successfully
