	STAR --genomeDir /proj/genomeanalysis2023/nobackup/work/jusu/jusu_STAR/genomeindex/sc11 --runThreadN 10 --readFilesIn SRR6040092_scaffold_11.1.fastq.gz SRR6040092_scaffold_11.2.fastq.gz --outFileNamePrefix /proj/genomeanalysis2023/nobackup/work/jusu/jusu_STAR/align/sc11/SRR.92/SRR_92_sc11_aligned--outSAMtype BAM SortedByCoordinate --outSAMunmapped Within --outSAMattributes Standard --readFilesCommand zcat
	STAR version: 2.7.9a   compiled: 2021-10-20T18:01:41+0200 rackham5.uppmax.uu.se:/sw/bioinfo/star/2.7.9a/src/STAR-2.7.9a/source
May 11 14:14:39 ..... started STAR run
May 11 14:14:39 ..... loading genome
May 11 14:14:40 ..... started mapping
May 11 14:18:57 ..... finished mapping
May 11 14:18:57 ..... finished successfully
	STAR --genomeDir /proj/genomeanalysis2023/nobackup/work/jusu/jusu_STAR/genomeindex/sc11 --runThreadN 10 --readFilesIn SRR6040093_scaffold_11.1.fastq.gz SRR6040093_scaffold_11.2.fastq.gz --outFileNamePrefix /proj/genomeanalysis2023/nobackup/work/jusu/jusu_STAR/align/sc11/SRR.93/SRR_93_sc11_aligned--outSAMtype BAM SortedByCoordinate --outSAMunmapped Within --outSAMattributes Standard --readFilesCommand zcat
	STAR version: 2.7.9a   compiled: 2021-10-20T18:01:41+0200 rackham5.uppmax.uu.se:/sw/bioinfo/star/2.7.9a/src/STAR-2.7.9a/source
May 11 14:18:57 ..... started STAR run
May 11 14:18:57 ..... loading genome
May 11 14:18:57 ..... started mapping
May 11 14:21:05 ..... finished mapping
May 11 14:21:06 ..... finished successfully
	STAR --genomeDir /proj/genomeanalysis2023/nobackup/work/jusu/jusu_STAR/genomeindex/sc11 --runThreadN 10 --readFilesIn SRR6040094_scaffold_11.1.fastq.gz SRR6040094_scaffold_11.2.fastq.gz --outFileNamePrefix /proj/genomeanalysis2023/nobackup/work/jusu/jusu_STAR/align/sc11/SRR.94/SRR_94_sc11_aligned--outSAMtype BAM SortedByCoordinate --outSAMunmapped Within --outSAMattributes Standard --readFilesCommand zcat
	STAR version: 2.7.9a   compiled: 2021-10-20T18:01:41+0200 rackham5.uppmax.uu.se:/sw/bioinfo/star/2.7.9a/src/STAR-2.7.9a/source
May 11 14:21:06 ..... started STAR run
May 11 14:21:06 ..... loading genome
May 11 14:21:06 ..... started mapping
May 11 14:23:12 ..... finished mapping
May 11 14:23:12 ..... finished successfully
	STAR --genomeDir /proj/genomeanalysis2023/nobackup/work/jusu/jusu_STAR/genomeindex/sc11 --runThreadN 10 --readFilesIn SRR6040095_scaffold_11.1.fastq.gz SRR6040095_scaffold_11.2.fastq.gz --outFileNamePrefix /proj/genomeanalysis2023/nobackup/work/jusu/jusu_STAR/align/sc11/SRR.95/SRR_95_sc11_aligned--outSAMtype BAM SortedByCoordinate --outSAMunmapped Within --outSAMattributes Standard --readFilesCommand zcat
	STAR version: 2.7.9a   compiled: 2021-10-20T18:01:41+0200 rackham5.uppmax.uu.se:/sw/bioinfo/star/2.7.9a/src/STAR-2.7.9a/source
May 11 14:23:12 ..... started STAR run
May 11 14:23:12 ..... loading genome
May 11 14:23:13 ..... started mapping
May 11 14:27:37 ..... finished mapping
May 11 14:27:37 ..... finished successfully
	STAR --genomeDir /proj/genomeanalysis2023/nobackup/work/jusu/jusu_STAR/genomeindex/sc11 --runThreadN 10 --readFilesIn SRR6040096_scaffold_11.1.fastq.gz SRR6040096_scaffold_11.2.fastq.gz --outFileNamePrefix /proj/genomeanalysis2023/nobackup/work/jusu/jusu_STAR/align/sc11/SRR.96/SRR_96_sc11_aligned--outSAMtype BAM SortedByCoordinate --outSAMunmapped Within --outSAMattributes Standard --readFilesCommand zcat
	STAR version: 2.7.9a   compiled: 2021-10-20T18:01:41+0200 rackham5.uppmax.uu.se:/sw/bioinfo/star/2.7.9a/src/STAR-2.7.9a/source
May 11 14:27:38 ..... started STAR run
May 11 14:27:38 ..... loading genome
May 11 14:27:39 ..... started mapping
May 11 14:29:38 ..... finished mapping
May 11 14:29:38 ..... finished successfully
	STAR --genomeDir /proj/genomeanalysis2023/nobackup/work/jusu/jusu_STAR/genomeindex/sc11 --runThreadN 10 --readFilesIn SRR6040097_scaffold_11.1.fastq.gz SRR6040097_scaffold_11.2.fastq.gz --outFileNamePrefix /proj/genomeanalysis2023/nobackup/work/jusu/jusu_STAR/align/sc11/SRR.97/SRR_97_sc11_aligned--outSAMtype BAM SortedByCoordinate --outSAMunmapped Within --outSAMattributes Standard --readFilesCommand zcat
	STAR version: 2.7.9a   compiled: 2021-10-20T18:01:41+0200 rackham5.uppmax.uu.se:/sw/bioinfo/star/2.7.9a/src/STAR-2.7.9a/source
May 11 14:29:39 ..... started STAR run
May 11 14:29:39 ..... loading genome
May 11 14:29:39 ..... started mapping
May 11 14:30:30 ..... finished mapping
May 11 14:30:30 ..... finished successfully
	STAR --genomeDir /proj/genomeanalysis2023/nobackup/work/jusu/jusu_STAR/genomeindex/sc11 --runThreadN 10 --readFilesIn SRR6156066_scaffold_11.1.fastq.gz SRR6156066_scaffold_11.2.fastq.gz --outFileNamePrefix /proj/genomeanalysis2023/nobackup/work/jusu/jusu_STAR/align/sc11/SRR.66/SRR_66_sc11_aligned--outSAMtype BAM SortedByCoordinate --outSAMunmapped Within --outSAMattributes Standard --readFilesCommand zcat
	STAR version: 2.7.9a   compiled: 2021-10-20T18:01:41+0200 rackham5.uppmax.uu.se:/sw/bioinfo/star/2.7.9a/src/STAR-2.7.9a/source
May 11 14:30:30 ..... started STAR run
May 11 14:30:30 ..... loading genome
May 11 14:30:31 ..... started mapping
May 11 14:32:10 ..... finished mapping
May 11 14:32:10 ..... finished successfully
	STAR --genomeDir /proj/genomeanalysis2023/nobackup/work/jusu/jusu_STAR/genomeindex/sc11 --runThreadN 10 --readFilesIn SRR6156067_scaffold_11.1.fastq.gz SRR6156067_scaffold_11.2.fastq.gz --outFileNamePrefix /proj/genomeanalysis2023/nobackup/work/jusu/jusu_STAR/align/sc11/SRR.67/SRR_67_sc11_aligned--outSAMtype BAM SortedByCoordinate --outSAMunmapped Within --outSAMattributes Standard --readFilesCommand zcat
	STAR version: 2.7.9a   compiled: 2021-10-20T18:01:41+0200 rackham5.uppmax.uu.se:/sw/bioinfo/star/2.7.9a/src/STAR-2.7.9a/source
May 11 14:32:10 ..... started STAR run
May 11 14:32:10 ..... loading genome
May 11 14:32:10 ..... started mapping
May 11 14:32:50 ..... finished mapping
May 11 14:32:50 ..... finished successfully
	STAR --genomeDir /proj/genomeanalysis2023/nobackup/work/jusu/jusu_STAR/genomeindex/sc11 --runThreadN 10 --readFilesIn SRR6156069_scaffold_11.1.fastq.gz SRR6156069_scaffold_11.2.fastq.gz --outFileNamePrefix /proj/genomeanalysis2023/nobackup/work/jusu/jusu_STAR/align/sc11/SRR.69/SRR_69_sc11_aligned--outSAMtype BAM SortedByCoordinate --outSAMunmapped Within --outSAMattributes Standard --readFilesCommand zcat
	STAR version: 2.7.9a   compiled: 2021-10-20T18:01:41+0200 rackham5.uppmax.uu.se:/sw/bioinfo/star/2.7.9a/src/STAR-2.7.9a/source
May 11 14:32:50 ..... started STAR run
May 11 14:32:50 ..... loading genome
May 11 14:32:51 ..... started mapping
May 11 14:34:26 ..... finished mapping
May 11 14:34:26 ..... finished successfully
