/sw/bioinfo/quast/5.0.2/snowy/bin/quast.py -t 10 -e --circos -f -b assembly_corrected_scaffold06.fasta

Version: 5.0.2

System information:
  OS: Linux-3.10.0-1160.88.1.el7.x86_64-x86_64-with-centos-7.9.2009-Core (linux_64)
  Python version: 3.7.2
  CPUs number: 16

Started: 2023-04-25 15:07:19

Logging to /crex/proj/genomeanalysis2023/nobackup/work/jusu_quast/quast_results/results_2023_04_25_15_07_19/quast.log

CWD: /crex/proj/genomeanalysis2023/nobackup/work/jusu_quast
Main parameters: 
  MODE: default, threads: 10, eukaryotic: true, minimum contig length: 500, minimum alignment length: 65, \
  ambiguity: one, threshold for extensive misassembly size: 1000

Contigs:
  Pre-processing...
  assembly_corrected_scaffold06.fasta ==> assembly_corrected_scaffold06

2023-04-25 15:07:26
Running Basic statistics processor...
  Contig files: 
    assembly_corrected_scaffold06
  Calculating N50 and L50...
    assembly_corrected_scaffold06, N50 = 245810, L50 = 40, Total length = 36576607, GC % = 31.11, # N's per 100 kbp =  0.00
  Drawing Nx plot...
    saved to /crex/proj/genomeanalysis2023/nobackup/work/jusu_quast/quast_results/results_2023_04_25_15_07_19/basic_stats/Nx_plot.pdf
  Drawing cumulative plot...
    saved to /crex/proj/genomeanalysis2023/nobackup/work/jusu_quast/quast_results/results_2023_04_25_15_07_19/basic_stats/cumulative_plot.pdf
  Drawing GC content plot...
    saved to /crex/proj/genomeanalysis2023/nobackup/work/jusu_quast/quast_results/results_2023_04_25_15_07_19/basic_stats/GC_content_plot.pdf
  Drawing assembly_corrected_scaffold06 GC content plot...
    saved to /crex/proj/genomeanalysis2023/nobackup/work/jusu_quast/quast_results/results_2023_04_25_15_07_19/basic_stats/assembly_corrected_scaffold06_GC_content_plot.pdf
Done.

2023-04-25 15:07:29
Running GeneMark-ES...
  assembly_corrected_scaffold06

WARNING: License period for GeneMark has ended! 
To update license, please visit http://exon.gatech.edu/GeneMark/license_download.cgi page and fill in the form.
You should choose GeneMarkS tool and your operating system (note that GeneMark is free for non-commercial use).
Download the license key and replace your ~/.gm_key with the updated version. After that you can restart QUAST.


NOTICE: Genes are not predicted by default. Use --gene-finding or --glimmer option to enable it.

2023-04-25 15:07:42
Running BUSCO...
NOTICE: Permission denied accessing /sw/bioinfo/quast/5.0.2/rackham/lib/python3.7/site-packages/quast_libs/busco. Busco databases will be downloaded to home directory /home/juliasul/.quast
  Downloading BUSCO database...
Downloading eukaryota database (file: eukaryota.tar.gz)...

ERROR! Failed downloading eukaryota database (url: https://busco.ezlab.org/v2/datasets/eukaryota_odb9.tar.gz), QUAST functionality will be limited! Exception caught: HTTP Error 301: Moved Permanently
You can try to download the file manually, place it in /home/juliasul/.quast/busco/eukaryota.tar.gz and restart QUAST
WARNING: Failed to download eukaryota database from https://busco.ezlab.org/v2/datasets/eukaryota_odb9.tar.gz and unpack it into /home/juliasul/.quast/busco
Failed finding conservative genes.

2023-04-25 15:07:42
Creating large visual summaries...
This may take a while: press Ctrl-C to skip this step..
  1 of 2: Creating Icarus viewers...
  2 of 2: Creating PDF with all tables and plots...
Done

2023-04-25 15:07:43
RESULTS:
  Text versions of total report are saved to /crex/proj/genomeanalysis2023/nobackup/work/jusu_quast/quast_results/results_2023_04_25_15_07_19/report.txt, report.tsv, and report.tex
  Text versions of transposed total report are saved to /crex/proj/genomeanalysis2023/nobackup/work/jusu_quast/quast_results/results_2023_04_25_15_07_19/transposed_report.txt, transposed_report.tsv, and transposed_report.tex
  HTML version (interactive tables and plots) is saved to /crex/proj/genomeanalysis2023/nobackup/work/jusu_quast/quast_results/results_2023_04_25_15_07_19/report.html
  PDF version (tables and plots) is saved to /crex/proj/genomeanalysis2023/nobackup/work/jusu_quast/quast_results/results_2023_04_25_15_07_19/report.pdf
  Icarus (contig browser) is saved to /crex/proj/genomeanalysis2023/nobackup/work/jusu_quast/quast_results/results_2023_04_25_15_07_19/icarus.html
  Log is saved to /crex/proj/genomeanalysis2023/nobackup/work/jusu_quast/quast_results/results_2023_04_25_15_07_19/quast.log

Finished: 2023-04-25 15:07:43
Elapsed time: 0:00:23.947831
NOTICEs: 2; WARNINGs: 2; non-fatal ERRORs: 1

Thank you for using QUAST!
/sw/bioinfo/quast/5.0.2/snowy/bin/quast.py -t 10 -e --circos -f -b assembly_corrected_scaffold10.fasta

Version: 5.0.2

System information:
  OS: Linux-3.10.0-1160.88.1.el7.x86_64-x86_64-with-centos-7.9.2009-Core (linux_64)
  Python version: 3.7.2
  CPUs number: 16

Started: 2023-04-25 15:07:44

Logging to /crex/proj/genomeanalysis2023/nobackup/work/jusu_quast/quast_results/results_2023_04_25_15_07_44/quast.log

CWD: /crex/proj/genomeanalysis2023/nobackup/work/jusu_quast
Main parameters: 
  MODE: default, threads: 10, eukaryotic: true, minimum contig length: 500, minimum alignment length: 65, \
  ambiguity: one, threshold for extensive misassembly size: 1000

Contigs:
  Pre-processing...
  assembly_corrected_scaffold10.fasta ==> assembly_corrected_scaffold10

2023-04-25 15:07:48
Running Basic statistics processor...
  Contig files: 
    assembly_corrected_scaffold10
  Calculating N50 and L50...
    assembly_corrected_scaffold10, N50 = 276903, L50 = 20, Total length = 28708142, GC % = 31.44, # N's per 100 kbp =  0.00
  Drawing Nx plot...
    saved to /crex/proj/genomeanalysis2023/nobackup/work/jusu_quast/quast_results/results_2023_04_25_15_07_44/basic_stats/Nx_plot.pdf
  Drawing cumulative plot...
    saved to /crex/proj/genomeanalysis2023/nobackup/work/jusu_quast/quast_results/results_2023_04_25_15_07_44/basic_stats/cumulative_plot.pdf
  Drawing GC content plot...
    saved to /crex/proj/genomeanalysis2023/nobackup/work/jusu_quast/quast_results/results_2023_04_25_15_07_44/basic_stats/GC_content_plot.pdf
  Drawing assembly_corrected_scaffold10 GC content plot...
    saved to /crex/proj/genomeanalysis2023/nobackup/work/jusu_quast/quast_results/results_2023_04_25_15_07_44/basic_stats/assembly_corrected_scaffold10_GC_content_plot.pdf
Done.

2023-04-25 15:07:51
Running GeneMark-ES...
  assembly_corrected_scaffold10

WARNING: License period for GeneMark has ended! 
To update license, please visit http://exon.gatech.edu/GeneMark/license_download.cgi page and fill in the form.
You should choose GeneMarkS tool and your operating system (note that GeneMark is free for non-commercial use).
Download the license key and replace your ~/.gm_key with the updated version. After that you can restart QUAST.


NOTICE: Genes are not predicted by default. Use --gene-finding or --glimmer option to enable it.

2023-04-25 15:08:01
Running BUSCO...
NOTICE: Permission denied accessing /sw/bioinfo/quast/5.0.2/rackham/lib/python3.7/site-packages/quast_libs/busco. Busco databases will be downloaded to home directory /home/juliasul/.quast
  Downloading BUSCO database...
Downloading eukaryota database (file: eukaryota.tar.gz)...

ERROR! Failed downloading eukaryota database (url: https://busco.ezlab.org/v2/datasets/eukaryota_odb9.tar.gz), QUAST functionality will be limited! Exception caught: HTTP Error 301: Moved Permanently
You can try to download the file manually, place it in /home/juliasul/.quast/busco/eukaryota.tar.gz and restart QUAST
WARNING: Failed to download eukaryota database from https://busco.ezlab.org/v2/datasets/eukaryota_odb9.tar.gz and unpack it into /home/juliasul/.quast/busco
Failed finding conservative genes.

2023-04-25 15:08:01
Creating large visual summaries...
This may take a while: press Ctrl-C to skip this step..
  1 of 2: Creating Icarus viewers...
  2 of 2: Creating PDF with all tables and plots...
Done

2023-04-25 15:08:02
RESULTS:
  Text versions of total report are saved to /crex/proj/genomeanalysis2023/nobackup/work/jusu_quast/quast_results/results_2023_04_25_15_07_44/report.txt, report.tsv, and report.tex
  Text versions of transposed total report are saved to /crex/proj/genomeanalysis2023/nobackup/work/jusu_quast/quast_results/results_2023_04_25_15_07_44/transposed_report.txt, transposed_report.tsv, and transposed_report.tex
  HTML version (interactive tables and plots) is saved to /crex/proj/genomeanalysis2023/nobackup/work/jusu_quast/quast_results/results_2023_04_25_15_07_44/report.html
  PDF version (tables and plots) is saved to /crex/proj/genomeanalysis2023/nobackup/work/jusu_quast/quast_results/results_2023_04_25_15_07_44/report.pdf
  Icarus (contig browser) is saved to /crex/proj/genomeanalysis2023/nobackup/work/jusu_quast/quast_results/results_2023_04_25_15_07_44/icarus.html
  Log is saved to /crex/proj/genomeanalysis2023/nobackup/work/jusu_quast/quast_results/results_2023_04_25_15_07_44/quast.log

Finished: 2023-04-25 15:08:02
Elapsed time: 0:00:18.228290
NOTICEs: 2; WARNINGs: 2; non-fatal ERRORs: 1

Thank you for using QUAST!
/sw/bioinfo/quast/5.0.2/snowy/bin/quast.py -t 10 -e --circos -f -b assembly_corrected_scaffold11.fasta

Version: 5.0.2

System information:
  OS: Linux-3.10.0-1160.88.1.el7.x86_64-x86_64-with-centos-7.9.2009-Core (linux_64)
  Python version: 3.7.2
  CPUs number: 16

Started: 2023-04-25 15:08:02

Logging to /crex/proj/genomeanalysis2023/nobackup/work/jusu_quast/quast_results/results_2023_04_25_15_08_02/quast.log

CWD: /crex/proj/genomeanalysis2023/nobackup/work/jusu_quast
Main parameters: 
  MODE: default, threads: 10, eukaryotic: true, minimum contig length: 500, minimum alignment length: 65, \
  ambiguity: one, threshold for extensive misassembly size: 1000

Contigs:
  Pre-processing...
  assembly_corrected_scaffold11.fasta ==> assembly_corrected_scaffold11

2023-04-25 15:08:08
Running Basic statistics processor...
  Contig files: 
    assembly_corrected_scaffold11
  Calculating N50 and L50...
    assembly_corrected_scaffold11, N50 = 236874, L50 = 26, Total length = 31556584, GC % = 30.87, # N's per 100 kbp =  0.00
  Drawing Nx plot...
    saved to /crex/proj/genomeanalysis2023/nobackup/work/jusu_quast/quast_results/results_2023_04_25_15_08_02/basic_stats/Nx_plot.pdf
  Drawing cumulative plot...
    saved to /crex/proj/genomeanalysis2023/nobackup/work/jusu_quast/quast_results/results_2023_04_25_15_08_02/basic_stats/cumulative_plot.pdf
  Drawing GC content plot...
    saved to /crex/proj/genomeanalysis2023/nobackup/work/jusu_quast/quast_results/results_2023_04_25_15_08_02/basic_stats/GC_content_plot.pdf
  Drawing assembly_corrected_scaffold11 GC content plot...
    saved to /crex/proj/genomeanalysis2023/nobackup/work/jusu_quast/quast_results/results_2023_04_25_15_08_02/basic_stats/assembly_corrected_scaffold11_GC_content_plot.pdf
Done.

2023-04-25 15:08:11
Running GeneMark-ES...
  assembly_corrected_scaffold11

WARNING: License period for GeneMark has ended! 
To update license, please visit http://exon.gatech.edu/GeneMark/license_download.cgi page and fill in the form.
You should choose GeneMarkS tool and your operating system (note that GeneMark is free for non-commercial use).
Download the license key and replace your ~/.gm_key with the updated version. After that you can restart QUAST.


NOTICE: Genes are not predicted by default. Use --gene-finding or --glimmer option to enable it.

2023-04-25 15:08:21
Running BUSCO...
NOTICE: Permission denied accessing /sw/bioinfo/quast/5.0.2/rackham/lib/python3.7/site-packages/quast_libs/busco. Busco databases will be downloaded to home directory /home/juliasul/.quast
  Downloading BUSCO database...
Downloading eukaryota database (file: eukaryota.tar.gz)...

ERROR! Failed downloading eukaryota database (url: https://busco.ezlab.org/v2/datasets/eukaryota_odb9.tar.gz), QUAST functionality will be limited! Exception caught: HTTP Error 301: Moved Permanently
You can try to download the file manually, place it in /home/juliasul/.quast/busco/eukaryota.tar.gz and restart QUAST
WARNING: Failed to download eukaryota database from https://busco.ezlab.org/v2/datasets/eukaryota_odb9.tar.gz and unpack it into /home/juliasul/.quast/busco
Failed finding conservative genes.

2023-04-25 15:08:21
Creating large visual summaries...
This may take a while: press Ctrl-C to skip this step..
  1 of 2: Creating Icarus viewers...
  2 of 2: Creating PDF with all tables and plots...
Done

2023-04-25 15:08:22
RESULTS:
  Text versions of total report are saved to /crex/proj/genomeanalysis2023/nobackup/work/jusu_quast/quast_results/results_2023_04_25_15_08_02/report.txt, report.tsv, and report.tex
  Text versions of transposed total report are saved to /crex/proj/genomeanalysis2023/nobackup/work/jusu_quast/quast_results/results_2023_04_25_15_08_02/transposed_report.txt, transposed_report.tsv, and transposed_report.tex
  HTML version (interactive tables and plots) is saved to /crex/proj/genomeanalysis2023/nobackup/work/jusu_quast/quast_results/results_2023_04_25_15_08_02/report.html
  PDF version (tables and plots) is saved to /crex/proj/genomeanalysis2023/nobackup/work/jusu_quast/quast_results/results_2023_04_25_15_08_02/report.pdf
  Icarus (contig browser) is saved to /crex/proj/genomeanalysis2023/nobackup/work/jusu_quast/quast_results/results_2023_04_25_15_08_02/icarus.html
  Log is saved to /crex/proj/genomeanalysis2023/nobackup/work/jusu_quast/quast_results/results_2023_04_25_15_08_02/quast.log

Finished: 2023-04-25 15:08:22
Elapsed time: 0:00:20.132936
NOTICEs: 2; WARNINGs: 2; non-fatal ERRORs: 1

Thank you for using QUAST!
